Copyright 1986-2020 Xilinx, Inc. All Rights Reserved.
----------------------------------------------------------------------------------------------
| Tool Version : Vivado v.2020.1 (win64) Build 2902540 Wed May 27 19:54:49 MDT 2020
| Date         : Mon Mar 22 15:50:58 2021
| Host         : CO2050-05 running 64-bit major release  (build 9200)
| Command      : report_clock_utilization -file design_1_wrapper_clock_utilization_routed.rpt
| Design       : design_1_wrapper
| Device       : 7a200t-sbg484
| Speed File   : -1  PRODUCTION 1.23 2018-06-13
| Design State : Routed
----------------------------------------------------------------------------------------------

Clock Utilization Report

Table of Contents
-----------------
1. Clock Primitive Utilization
2. Global Clock Resources
3. Global Clock Source Details
4. Local Clock Details
5. Clock Regions: Key Resource Utilization
6. Clock Regions : Global Clock Summary
7. Device Cell Placement Summary for Global Clock g0
8. Device Cell Placement Summary for Global Clock g1
9. Device Cell Placement Summary for Global Clock g2
10. Device Cell Placement Summary for Global Clock g3
11. Device Cell Placement Summary for Global Clock g4
12. Device Cell Placement Summary for Global Clock g5
13. Device Cell Placement Summary for Global Clock g6
14. Device Cell Placement Summary for Global Clock g7
15. Device Cell Placement Summary for Global Clock g8
16. Device Cell Placement Summary for Global Clock g9
17. Device Cell Placement Summary for Global Clock g10
18. Clock Region Cell Placement per Global Clock: Region X1Y0
19. Clock Region Cell Placement per Global Clock: Region X0Y1
20. Clock Region Cell Placement per Global Clock: Region X1Y1
21. Clock Region Cell Placement per Global Clock: Region X0Y2
22. Clock Region Cell Placement per Global Clock: Region X1Y2
23. Clock Region Cell Placement per Global Clock: Region X0Y3
24. Clock Region Cell Placement per Global Clock: Region X1Y3
25. Clock Region Cell Placement per Global Clock: Region X0Y4
26. Clock Region Cell Placement per Global Clock: Region X1Y4

1. Clock Primitive Utilization
------------------------------

+----------+------+-----------+-----+--------------+--------+
| Type     | Used | Available | LOC | Clock Region | Pblock |
+----------+------+-----------+-----+--------------+--------+
| BUFGCTRL |    8 |        32 |   0 |            0 |      0 |
| BUFH     |    1 |       120 |   0 |            0 |      0 |
| BUFIO    |    2 |        40 |   1 |            0 |      0 |
| BUFMR    |    1 |        20 |   0 |            0 |      0 |
| BUFR     |    2 |        40 |   0 |            0 |      0 |
| MMCM     |    3 |        10 |   1 |            0 |      0 |
| PLL      |    1 |        10 |   1 |            0 |      0 |
+----------+------+-----------+-----+--------------+--------+


2. Global Clock Resources
-------------------------

+-----------+-----------+-----------------+------------+----------------+--------------+-------------------+-------------+-----------------+--------------+--------------------------------------------------------------------------------------------+---------------------------------------------------------------------------------------------------------------------------------------------------+---------------------------------------------------------------------------------------------------------------------------------------------------+
| Global Id | Source Id | Driver Type/Pin | Constraint | Site           | Clock Region | Load Clock Region | Clock Loads | Non-Clock Loads | Clock Period | Clock                                                                                      | Driver Pin                                                                                                                                        | Net                                                                                                                                               |
+-----------+-----------+-----------------+------------+----------------+--------------+-------------------+-------------+-----------------+--------------+--------------------------------------------------------------------------------------------+---------------------------------------------------------------------------------------------------------------------------------------------------+---------------------------------------------------------------------------------------------------------------------------------------------------+
| g0        | src0      | BUFG/O          | None       | BUFGCTRL_X0Y16 | n/a          |                 9 |       45851 |               0 |       10.000 | clk_pll_i                                                                                  | design_1_i/memory_subsystem/mem_interface/u_design_1_mem_interface_0_mig/u_ddr3_infrastructure/u_bufg_clkdiv0/O                                   | design_1_i/memory_subsystem/mem_interface/u_design_1_mem_interface_0_mig/u_ddr3_infrastructure/CLK                                                |
| g1        | src1      | BUFR/O          | None       | BUFR_X1Y9      | X1Y2         |                 1 |        4901 |               0 |       10.000 | video_subsystem_VDMA_CLK_O                                                                 | design_1_i/video_subsystem/axi_dynclk_0/U0/BUFR_inst/O                                                                                            | design_1_i/video_subsystem/axi_dynclk_0/U0/PXL_CLK_O                                                                                              |
| g2        | src2      | BUFG/O          | None       | BUFGCTRL_X0Y0  | n/a          |                 1 |        2936 |               0 |        8.000 | clk_mmcm_out                                                                               | design_1_i/ethernet_subsystem/axis_udp_ethernet_0/inst/clk_bufg_inst/O                                                                            | design_1_i/ethernet_subsystem/axis_udp_ethernet_0/inst/clk_out                                                                                    |
| g3        | src3      | BUFG/O          | None       | BUFGCTRL_X0Y3  | n/a          |                 2 |         461 |               0 |       33.000 | dbg_hub/inst/BSCANID.u_xsdbm_id/SWITCH_N_EXT_BSCAN.bscan_inst/SERIES7_BSCAN.bscan_inst/TCK | dbg_hub/inst/BSCANID.u_xsdbm_id/SWITCH_N_EXT_BSCAN.u_bufg_icon_tck/O                                                                              | dbg_hub/inst/BSCANID.u_xsdbm_id/itck_i                                                                                                            |
| g4        | src4      | BUFR/O          | None       | BUFR_X0Y5      | X0Y1         |                 1 |         208 |               0 |        8.000 | phy_rx_clk                                                                                 | design_1_i/ethernet_subsystem/axis_udp_ethernet_0/inst/core_inst/eth_mac_inst/eth_mac_1g_rgmii_inst/rgmii_phy_if_inst/rx_ssio_ddr_inst/clk_bufr/O | design_1_i/ethernet_subsystem/axis_udp_ethernet_0/inst/core_inst/eth_mac_inst/eth_mac_1g_rgmii_inst/rgmii_phy_if_inst/rx_ssio_ddr_inst/output_clk |
| g5        | src5      | BUFG/O          | None       | BUFGCTRL_X0Y4  | n/a          |                 2 |          90 |               0 |       33.333 | design_1_i/debug_subsystem/mdm_0/U0/Use_E2.BSCAN_I/Use_E2.BSCANE2_I/DRCK                   | design_1_i/debug_subsystem/mdm_0/U0/No_Dbg_Reg_Access.BUFG_DRCK/Using_FPGA.Native/O                                                               | design_1_i/debug_subsystem/mdm_0/U0/No_Dbg_Reg_Access.BUFG_DRCK/Dbg_Clk_0                                                                         |
| g6        | src0      | BUFG/O          | None       | BUFGCTRL_X0Y17 | n/a          |                 3 |          63 |               0 |        5.000 | mmcm_clkout1                                                                               | design_1_i/memory_subsystem/mem_interface/u_design_1_mem_interface_0_mig/u_ddr3_infrastructure/gen_ui_extra_clocks.u_bufg_ui_addn_clk_1/O         | design_1_i/memory_subsystem/mem_interface/u_design_1_mem_interface_0_mig/u_ddr3_infrastructure/ui_addn_clk_1                                      |
| g7        | src5      | BUFG/O          | None       | BUFGCTRL_X0Y5  | n/a          |                 2 |          27 |               0 |       33.333 | design_1_i/debug_subsystem/mdm_0/U0/Use_E2.BSCAN_I/Use_E2.BSCANE2_I/UPDATE                 | design_1_i/debug_subsystem/mdm_0/U0/Ext_JTAG_UPDATE_BUFG_inst/O                                                                                   | design_1_i/debug_subsystem/mdm_0/U0/Ext_JTAG_UPDATE                                                                                               |
| g8        | src2      | BUFG/O          | None       | BUFGCTRL_X0Y1  | n/a          |                 1 |           1 |               0 |        8.000 | clk90_mmcm_out                                                                             | design_1_i/ethernet_subsystem/axis_udp_ethernet_0/inst/clk90_bufg_inst/O                                                                          | design_1_i/ethernet_subsystem/axis_udp_ethernet_0/inst/clk90_int                                                                                  |
| g9        | src2      | BUFG/O          | None       | BUFGCTRL_X0Y2  | n/a          |                 1 |           1 |               0 |        5.000 | clk_200_mmcm_out                                                                           | design_1_i/ethernet_subsystem/axis_udp_ethernet_0/inst/clk_200_bufg_inst/O                                                                        | design_1_i/ethernet_subsystem/axis_udp_ethernet_0/inst/clk_200_int                                                                                |
| g10       | src6      | BUFH/O          | None       | BUFHCE_X1Y36   | X1Y3         |                 1 |           1 |               0 |       10.000 | pll_clk3_out                                                                               | design_1_i/memory_subsystem/mem_interface/u_design_1_mem_interface_0_mig/u_ddr3_infrastructure/u_bufh_pll_clk3/O                                  | design_1_i/memory_subsystem/mem_interface/u_design_1_mem_interface_0_mig/u_ddr3_infrastructure/pll_clk3                                           |
+-----------+-----------+-----------------+------------+----------------+--------------+-------------------+-------------+-----------------+--------------+--------------------------------------------------------------------------------------------+---------------------------------------------------------------------------------------------------------------------------------------------------+---------------------------------------------------------------------------------------------------------------------------------------------------+
* Clock Loads column represents the clock pin loads (pin count)
** Non-Clock Loads column represents the non-clock pin loads (pin count)


3. Global Clock Source Details
------------------------------

+-----------+-----------+---------------------+-----------------+-----------------+--------------+-------------+-----------------+---------------------+--------------------------------------------------------------------------------------------+------------------------------------------------------------------------------------------------------------------------------------+-------------------------------------------------------------------------------------------------------------+
| Source Id | Global Id | Driver Type/Pin     | Constraint      | Site            | Clock Region | Clock Loads | Non-Clock Loads | Source Clock Period | Source Clock                                                                               | Driver Pin                                                                                                                         | Net                                                                                                         |
+-----------+-----------+---------------------+-----------------+-----------------+--------------+-------------+-----------------+---------------------+--------------------------------------------------------------------------------------------+------------------------------------------------------------------------------------------------------------------------------------+-------------------------------------------------------------------------------------------------------------+
| src0      | g0        | MMCME2_ADV/CLKFBOUT | MMCME2_ADV_X1Y3 | MMCME2_ADV_X1Y3 | X1Y3         |           1 |               0 |              10.000 | clk_pll_i                                                                                  | design_1_i/memory_subsystem/mem_interface/u_design_1_mem_interface_0_mig/u_ddr3_infrastructure/gen_ui_extra_clocks.mmcm_i/CLKFBOUT | design_1_i/memory_subsystem/mem_interface/u_design_1_mem_interface_0_mig/u_ddr3_infrastructure/clk_pll_i    |
| src0      | g6        | MMCME2_ADV/CLKOUT1  | MMCME2_ADV_X1Y3 | MMCME2_ADV_X1Y3 | X1Y3         |           1 |               0 |               5.000 | mmcm_clkout1                                                                               | design_1_i/memory_subsystem/mem_interface/u_design_1_mem_interface_0_mig/u_ddr3_infrastructure/gen_ui_extra_clocks.mmcm_i/CLKOUT1  | design_1_i/memory_subsystem/mem_interface/u_design_1_mem_interface_0_mig/u_ddr3_infrastructure/mmcm_clkout1 |
| src1      | g1,       | BUFMR/O             | None            | BUFMRCE_X1Y4    | X1Y2         |           2 |               0 |               2.000 | I                                                                                          | design_1_i/video_subsystem/axi_dynclk_0/U0/GenerateBUFMR.BUFMR_inst/O                                                              | design_1_i/video_subsystem/axi_dynclk_0/U0/bufio_in                                                         |
| src2      | g8        | MMCME2_ADV/CLKOUT1  | None            | MMCME2_ADV_X1Y0 | X1Y0         |           1 |               0 |               8.000 | clk90_mmcm_out                                                                             | design_1_i/ethernet_subsystem/axis_udp_ethernet_0/inst/clk_mmcm_inst/CLKOUT1                                                       | design_1_i/ethernet_subsystem/axis_udp_ethernet_0/inst/clk90_mmcm_out                                       |
| src2      | g9        | MMCME2_ADV/CLKOUT2  | None            | MMCME2_ADV_X1Y0 | X1Y0         |           1 |               0 |               5.000 | clk_200_mmcm_out                                                                           | design_1_i/ethernet_subsystem/axis_udp_ethernet_0/inst/clk_mmcm_inst/CLKOUT2                                                       | design_1_i/ethernet_subsystem/axis_udp_ethernet_0/inst/clk_200_mmcm_out                                     |
| src2      | g2        | MMCME2_ADV/CLKOUT0  | None            | MMCME2_ADV_X1Y0 | X1Y0         |           1 |               0 |               8.000 | clk_mmcm_out                                                                               | design_1_i/ethernet_subsystem/axis_udp_ethernet_0/inst/clk_mmcm_inst/CLKOUT0                                                       | design_1_i/ethernet_subsystem/axis_udp_ethernet_0/inst/clk_mmcm_out                                         |
| src3      | g3        | BSCANE2/TCK         | None            | BSCAN_X0Y0      | X0Y2         |           1 |               0 |              33.000 | dbg_hub/inst/BSCANID.u_xsdbm_id/SWITCH_N_EXT_BSCAN.bscan_inst/SERIES7_BSCAN.bscan_inst/TCK | dbg_hub/inst/BSCANID.u_xsdbm_id/SWITCH_N_EXT_BSCAN.bscan_inst/SERIES7_BSCAN.bscan_inst/TCK                                         | dbg_hub/inst/BSCANID.u_xsdbm_id/SWITCH_N_EXT_BSCAN.bscan_inst/tck_bs                                        |
| src4      | g4,       | IBUF/O              | IOB_X0Y74       | IOB_X0Y74       | X0Y1         |           2 |               0 |               8.000 | RGMII_eth_phy_rx_clk                                                                       | RGMII_eth_phy_rx_clk_IBUF_inst/O                                                                                                   | RGMII_eth_phy_rx_clk_IBUF                                                                                   |
| src5      | g5        | BSCANE2/DRCK        | None            | BSCAN_X0Y1      | X0Y2         |           1 |               0 |              33.333 | design_1_i/debug_subsystem/mdm_0/U0/Use_E2.BSCAN_I/Use_E2.BSCANE2_I/DRCK                   | design_1_i/debug_subsystem/mdm_0/U0/Use_E2.BSCAN_I/Use_E2.BSCANE2_I/DRCK                                                           | design_1_i/debug_subsystem/mdm_0/U0/Use_E2.BSCAN_I/DRCK                                                     |
| src5      | g7        | BSCANE2/UPDATE      | None            | BSCAN_X0Y1      | X0Y2         |           1 |               1 |              33.333 | design_1_i/debug_subsystem/mdm_0/U0/Use_E2.BSCAN_I/Use_E2.BSCANE2_I/UPDATE                 | design_1_i/debug_subsystem/mdm_0/U0/Use_E2.BSCAN_I/Use_E2.BSCANE2_I/UPDATE                                                         | design_1_i/debug_subsystem/mdm_0/U0/Use_E2.BSCAN_I/Ext_JTAG_UPDATE                                          |
| src6      | g10       | PLLE2_ADV/CLKOUT3   | PLLE2_ADV_X1Y3  | PLLE2_ADV_X1Y3  | X1Y3         |           1 |               0 |              10.000 | pll_clk3_out                                                                               | design_1_i/memory_subsystem/mem_interface/u_design_1_mem_interface_0_mig/u_ddr3_infrastructure/plle2_i/CLKOUT3                     | design_1_i/memory_subsystem/mem_interface/u_design_1_mem_interface_0_mig/u_ddr3_infrastructure/pll_clk3_out |
+-----------+-----------+---------------------+-----------------+-----------------+--------------+-------------+-----------------+---------------------+--------------------------------------------------------------------------------------------+------------------------------------------------------------------------------------------------------------------------------------+-------------------------------------------------------------------------------------------------------------+
* Clock Loads column represents the clock pin loads (pin count)
** Non-Clock Loads column represents the non-clock pin loads (pin count)


4. Local Clock Details
----------------------

+----------+----------------------------+----------------------+-------------------------------------+--------------+-------------+-----------------+--------------+---------------+-----------------------------------------------------------------------------------------------------------------------------------------------------------------------------------------------------------------------------------------------+--------------------------------------------------------------------------------------------------------------------------------------------------------------------------------------------------------------------------------------------+
| Local Id | Driver Type/Pin            | Constraint           | Site/BEL                            | Clock Region | Clock Loads | Non-Clock Loads | Clock Period | Clock         | Driver Pin                                                                                                                                                                                                                                    | Net                                                                                                                                                                                                                                        |
+----------+----------------------------+----------------------+-------------------------------------+--------------+-------------+-----------------+--------------+---------------+-----------------------------------------------------------------------------------------------------------------------------------------------------------------------------------------------------------------------------------------------+--------------------------------------------------------------------------------------------------------------------------------------------------------------------------------------------------------------------------------------------||
| 0        | PLLE2_ADV/CLKOUT0          | PLLE2_ADV_X1Y3       | PLLE2_ADV_X1Y3/PLLE2_ADV            | X1Y3         |           5 |               2 |        1.250 | freq_refclk   | design_1_i/memory_subsystem/mem_interface/u_design_1_mem_interface_0_mig/u_ddr3_infrastructure/plle2_i/CLKOUT0                                                                                                                                | design_1_i/memory_subsystem/mem_interface/u_design_1_mem_interface_0_mig/u_ddr3_infrastructure/freq_refclk                                                                                                                                 - Static -
| 1        | PHASER_OUT_PHY/OCLKDELAYED | PHASER_OUT_PHY_X1Y14 | PHASER_OUT_PHY_X1Y14/PHASER_OUT_PHY | X1Y3         |           2 |               0 |        2.500 | oserdes_clk_2 | design_1_i/memory_subsystem/mem_interface/u_design_1_mem_interface_0_mig/u_memc_ui_top_axi/mem_intfc0/ddr_phy_top0/u_ddr_mc_phy_wrapper/u_ddr_mc_phy/ddr_phy_4lanes_0.u_ddr_phy_4lanes/ddr_byte_lane_C.ddr_byte_lane_C/phaser_out/OCLKDELAYED | design_1_i/memory_subsystem/mem_interface/u_design_1_mem_interface_0_mig/u_memc_ui_top_axi/mem_intfc0/ddr_phy_top0/u_ddr_mc_phy_wrapper/u_ddr_mc_phy/ddr_phy_4lanes_0.u_ddr_phy_4lanes/ddr_byte_lane_C.ddr_byte_lane_C/oserdes_clk_delayed - Static -
| 2        | PHASER_OUT_PHY/OCLKDELAYED | PHASER_OUT_PHY_X1Y15 | PHASER_OUT_PHY_X1Y15/PHASER_OUT_PHY | X1Y3         |           2 |               0 |        2.500 | oserdes_clk_3 | design_1_i/memory_subsystem/mem_interface/u_design_1_mem_interface_0_mig/u_memc_ui_top_axi/mem_intfc0/ddr_phy_top0/u_ddr_mc_phy_wrapper/u_ddr_mc_phy/ddr_phy_4lanes_0.u_ddr_phy_4lanes/ddr_byte_lane_D.ddr_byte_lane_D/phaser_out/OCLKDELAYED | design_1_i/memory_subsystem/mem_interface/u_design_1_mem_interface_0_mig/u_memc_ui_top_axi/mem_intfc0/ddr_phy_top0/u_ddr_mc_phy_wrapper/u_ddr_mc_phy/ddr_phy_4lanes_0.u_ddr_phy_4lanes/ddr_byte_lane_D.ddr_byte_lane_D/oserdes_clk_delayed - Static -
| 3        | PLLE2_ADV/CLKOUT1          | PLLE2_ADV_X1Y3       | PLLE2_ADV_X1Y3/PLLE2_ADV            | X1Y3         |           1 |               6 |        2.500 | mem_refclk    | design_1_i/memory_subsystem/mem_interface/u_design_1_mem_interface_0_mig/u_ddr3_infrastructure/plle2_i/CLKOUT1                                                                                                                                | design_1_i/memory_subsystem/mem_interface/u_design_1_mem_interface_0_mig/u_ddr3_infrastructure/mem_refclk                                                                                                                                  - Static -
+----------+----------------------------+----------------------+-------------------------------------+--------------+-------------+-----------------+--------------+---------------+-----------------------------------------------------------------------------------------------------------------------------------------------------------------------------------------------------------------------------------------------+--------------------------------------------------------------------------------------------------------------------------------------------------------------------------------------------------------------------------------------------||
* Local Clocks in this context represents only clocks driven by non-global buffers
** Clock Loads column represents the clock pin loads (pin count)
*** Non-Clock Loads column represents the non-clock pin loads (pin count)


5. Clock Regions: Key Resource Utilization
------------------------------------------

+-------------------+--------------+--------------+--------------+--------------+--------------+--------------+--------------+--------------+--------------+--------------+---------------+--------------+--------------+--------------+--------------+
|                   | Global Clock |     BUFRs    |    BUFMRs    |    BUFIOs    |     MMCM     |      PLL     |      GT      |      PCI     |    ILOGIC    |    OLOGIC    |       FF      |     LUTM     |    RAMB18    |    RAMB36    |    DSP48E2   |
+-------------------+------+-------+------+-------+------+-------+------+-------+------+-------+------+-------+------+-------+------+-------+------+-------+------+-------+-------+-------+------+-------+------+-------+------+-------+------+-------+
| Clock Region Name | Used | Avail | Used | Avail | Used | Avail | Used | Avail | Used | Avail | Used | Avail | Used | Avail | Used | Avail | Used | Avail | Used | Avail | Used  | Avail | Used | Avail | Used | Avail | Used | Avail | Used | Avail |
+-------------------+------+-------+------+-------+------+-------+------+-------+------+-------+------+-------+------+-------+------+-------+------+-------+------+-------+-------+-------+------+-------+------+-------+------+-------+------+-------+
| X0Y0              |    0 |    12 |    0 |     4 |    0 |     2 |    0 |     4 |    0 |     1 |    0 |     1 |    0 |     4 |    0 |     0 |    0 |    50 |    0 |    50 |     0 |  2700 |    0 |   800 |    0 |    60 |    0 |    30 |    0 |    60 |
| X1Y0              |    1 |    12 |    0 |     4 |    0 |     2 |    0 |     4 |    1 |     1 |    0 |     1 |    0 |     4 |    0 |     0 |    0 |    50 |    0 |    50 |  2507 |  2500 |  853 |   800 |    0 |    40 |   13 |    20 |    4 |    40 |
| X0Y1              |    6 |    12 |    1 |     4 |    0 |     2 |    1 |     4 |    0 |     1 |    0 |     1 |    0 |     0 |    0 |     0 |    5 |    50 |    6 |    50 |  5189 |  4200 | 1880 |  1400 |    1 |   100 |    9 |    50 |   12 |   100 |
| X1Y1              |    1 |    12 |    0 |     4 |    0 |     2 |    0 |     4 |    0 |     1 |    0 |     1 |    0 |     0 |    0 |     0 |    0 |    50 |    0 |    50 |  6164 |  4000 | 2125 |  1400 |    0 |    80 |   21 |    40 |   20 |    80 |
| X0Y2              |    3 |    12 |    0 |     4 |    0 |     2 |    0 |     4 |    0 |     1 |    0 |     1 |    0 |     0 |    0 |     0 |    0 |    50 |    0 |    50 |  7038 |  3600 | 3001 |  1400 |    0 |   100 |    4 |    50 |    1 |   100 |
| X1Y2              |    4 |    12 |    1 |     4 |    1 |     2 |    1 |     4 |    1 |     1 |    0 |     1 |    0 |     0 |    0 |     0 |    0 |    50 |    8 |    50 | 10996 |  4000 | 3825 |  1400 |    0 |    80 |    7 |    40 |    0 |    80 |
| X0Y3              |    5 |    12 |    0 |     4 |    0 |     2 |    0 |     4 |    0 |     1 |    0 |     1 |    0 |     0 |    0 |     0 |    0 |    50 |    0 |    50 |  6975 |  3600 | 3617 |  1400 |    0 |   100 |   22 |    50 |    0 |   100 |
| X1Y3              |    3 |    12 |    0 |     4 |    0 |     2 |    0 |     4 |    1 |     1 |    0 |     1 |    0 |     0 |    0 |     0 |    0 |    50 |    4 |    50 | 10894 |  4000 | 4288 |  1400 |    0 |    80 |    1 |    40 |    0 |    80 |
| X0Y4              |    2 |    12 |    0 |     4 |    0 |     2 |    0 |     4 |    0 |     1 |    0 |     1 |    0 |     4 |    0 |     1 |    0 |    50 |    0 |    50 |   668 |  2550 |  186 |   750 |    0 |    50 |    0 |    25 |    0 |    60 |
| X1Y4              |    2 |    12 |    0 |     4 |    0 |     2 |    0 |     4 |    0 |     1 |    0 |     1 |    0 |     4 |    0 |     0 |    0 |    50 |    0 |    50 |   947 |  2500 |  378 |   800 |    0 |    40 |    0 |    20 |    0 |    40 |
+-------------------+------+-------+------+-------+------+-------+------+-------+------+-------+------+-------+------+-------+------+-------+------+-------+------+-------+-------+-------+------+-------+------+-------+------+-------+------+-------+
* Global Clock column represents track count; while other columns represents cell counts


6. Clock Regions : Global Clock Summary
---------------------------------------

All Modules
+----+----+----+
|    | X0 | X1 |
+----+----+----+
| Y4 |  2 |  2 |
| Y3 |  5 |  3 |
| Y2 |  3 |  4 |
| Y1 |  6 |  1 |
| Y0 |  0 |  1 |
+----+----+----+


7. Device Cell Placement Summary for Global Clock g0
----------------------------------------------------

+-----------+-----------------+-------------------+-----------+-------------+---------------+-------------+----------+----------------+----------+----------------------------------------------------------------------------------------------------+
| Global Id | Driver Type/Pin | Driver Region (D) | Clock     | Period (ns) | Waveform (ns) | Slice Loads | IO Loads | Clocking Loads | GT Loads | Net                                                                                                |
+-----------+-----------------+-------------------+-----------+-------------+---------------+-------------+----------+----------------+----------+----------------------------------------------------------------------------------------------------+
| g0        | BUFG/O          | n/a               | clk_pll_i |      10.000 | {0.000 5.000} |       44744 |        0 |              3 |        0 | design_1_i/memory_subsystem/mem_interface/u_design_1_mem_interface_0_mig/u_ddr3_infrastructure/CLK |
+-----------+-----------------+-------------------+-----------+-------------+---------------+-------------+----------+----------------+----------+----------------------------------------------------------------------------------------------------+
* Slice Loads column represents load cell count of all cell types other than IO, GT and clock resources
** IO Loads column represents load cell count of IO types
*** Clocking Loads column represents load cell count that are clock resources (global clock buffer, MMCM, PLL, etc)
**** GT Loads column represents load cell count of GT types


+----+-------+--------+
|    | X0    | X1     |
+----+-------+--------+
| Y4 |   243 |    937 |
| Y3 |  7646 |  11274 |
| Y2 |  7338 |   6429 |
| Y1 |  2148 |   6206 |
| Y0 |     0 |   2526 |
+----+-------+--------+


8. Device Cell Placement Summary for Global Clock g1
----------------------------------------------------

+-----------+-----------------+-------------------+----------------------------+-------------+---------------+-------------+----------+----------------+----------+------------------------------------------------------+
| Global Id | Driver Type/Pin | Driver Region (D) | Clock                      | Period (ns) | Waveform (ns) | Slice Loads | IO Loads | Clocking Loads | GT Loads | Net                                                  |
+-----------+-----------------+-------------------+----------------------------+-------------+---------------+-------------+----------+----------------+----------+------------------------------------------------------+
| g1        | BUFR/O          | X1Y2              | video_subsystem_VDMA_CLK_O |      10.000 | {0.000 4.000} |        4878 |        8 |              0 |        0 | design_1_i/video_subsystem/axi_dynclk_0/U0/PXL_CLK_O |
+-----------+-----------------+-------------------+----------------------------+-------------+---------------+-------------+----------+----------------+----------+------------------------------------------------------+
* Slice Loads column represents load cell count of all cell types other than IO, GT and clock resources
** IO Loads column represents load cell count of IO types
*** Clocking Loads column represents load cell count that are clock resources (global clock buffer, MMCM, PLL, etc)
**** GT Loads column represents load cell count of GT types


+----+----+-----------+
|    | X0 | X1        |
+----+----+-----------+
| Y4 |  0 |         0 |
| Y3 |  0 |         0 |
| Y2 |  0 |  (D) 4886 |
| Y1 |  0 |         0 |
| Y0 |  0 |         0 |
+----+----+-----------+


9. Device Cell Placement Summary for Global Clock g2
----------------------------------------------------

+-----------+-----------------+-------------------+--------------+-------------+---------------+-------------+----------+----------------+----------+----------------------------------------------------------------+
| Global Id | Driver Type/Pin | Driver Region (D) | Clock        | Period (ns) | Waveform (ns) | Slice Loads | IO Loads | Clocking Loads | GT Loads | Net                                                            |
+-----------+-----------------+-------------------+--------------+-------------+---------------+-------------+----------+----------------+----------+----------------------------------------------------------------+
| g2        | BUFG/O          | n/a               | clk_mmcm_out |       8.000 | {0.000 4.000} |        2904 |        0 |              0 |        0 | design_1_i/ethernet_subsystem/axis_udp_ethernet_0/inst/clk_out |
+-----------+-----------------+-------------------+--------------+-------------+---------------+-------------+----------+----------------+----------+----------------------------------------------------------------+
* Slice Loads column represents load cell count of all cell types other than IO, GT and clock resources
** IO Loads column represents load cell count of IO types
*** Clocking Loads column represents load cell count that are clock resources (global clock buffer, MMCM, PLL, etc)
**** GT Loads column represents load cell count of GT types


+----+-------+----+
|    | X0    | X1 |
+----+-------+----+
| Y4 |     0 |  0 |
| Y3 |     0 |  0 |
| Y2 |     0 |  0 |
| Y1 |  2904 |  0 |
| Y0 |     0 |  0 |
+----+-------+----+


10. Device Cell Placement Summary for Global Clock g3
-----------------------------------------------------

+-----------+-----------------+-------------------+--------------------------------------------------------------------------------------------+-------------+----------------+-------------+----------+----------------+----------+----------------------------------------+
| Global Id | Driver Type/Pin | Driver Region (D) | Clock                                                                                      | Period (ns) | Waveform (ns)  | Slice Loads | IO Loads | Clocking Loads | GT Loads | Net                                    |
+-----------+-----------------+-------------------+--------------------------------------------------------------------------------------------+-------------+----------------+-------------+----------+----------------+----------+----------------------------------------+
| g3        | BUFG/O          | n/a               | dbg_hub/inst/BSCANID.u_xsdbm_id/SWITCH_N_EXT_BSCAN.bscan_inst/SERIES7_BSCAN.bscan_inst/TCK |      33.000 | {0.000 16.500} |         458 |        0 |              0 |        0 | dbg_hub/inst/BSCANID.u_xsdbm_id/itck_i |
+-----------+-----------------+-------------------+--------------------------------------------------------------------------------------------+-------------+----------------+-------------+----------+----------------+----------+----------------------------------------+
* Slice Loads column represents load cell count of all cell types other than IO, GT and clock resources
** IO Loads column represents load cell count of IO types
*** Clocking Loads column represents load cell count that are clock resources (global clock buffer, MMCM, PLL, etc)
**** GT Loads column represents load cell count of GT types


+----+------+----+
|    | X0   | X1 |
+----+------+----+
| Y4 |  425 |  0 |
| Y3 |   33 |  0 |
| Y2 |    0 |  0 |
| Y1 |    0 |  0 |
| Y0 |    0 |  0 |
+----+------+----+


11. Device Cell Placement Summary for Global Clock g4
-----------------------------------------------------

+-----------+-----------------+-------------------+------------+-------------+---------------+-------------+----------+----------------+----------+---------------------------------------------------------------------------------------------------------------------------------------------------+
| Global Id | Driver Type/Pin | Driver Region (D) | Clock      | Period (ns) | Waveform (ns) | Slice Loads | IO Loads | Clocking Loads | GT Loads | Net                                                                                                                                               |
+-----------+-----------------+-------------------+------------+-------------+---------------+-------------+----------+----------------+----------+---------------------------------------------------------------------------------------------------------------------------------------------------+
| g4        | BUFR/O          | X0Y1              | phy_rx_clk |       8.000 | {0.000 4.000} |         208 |        0 |              0 |        0 | design_1_i/ethernet_subsystem/axis_udp_ethernet_0/inst/core_inst/eth_mac_inst/eth_mac_1g_rgmii_inst/rgmii_phy_if_inst/rx_ssio_ddr_inst/output_clk |
+-----------+-----------------+-------------------+------------+-------------+---------------+-------------+----------+----------------+----------+---------------------------------------------------------------------------------------------------------------------------------------------------+
* Slice Loads column represents load cell count of all cell types other than IO, GT and clock resources
** IO Loads column represents load cell count of IO types
*** Clocking Loads column represents load cell count that are clock resources (global clock buffer, MMCM, PLL, etc)
**** GT Loads column represents load cell count of GT types


+----+----------+----+
|    | X0       | X1 |
+----+----------+----+
| Y4 |        0 |  0 |
| Y3 |        0 |  0 |
| Y2 |        0 |  0 |
| Y1 |  (D) 208 |  0 |
| Y0 |        0 |  0 |
+----+----------+----+


12. Device Cell Placement Summary for Global Clock g5
-----------------------------------------------------

+-----------+-----------------+-------------------+--------------------------------------------------------------------------+-------------+----------------+-------------+----------+----------------+----------+---------------------------------------------------------------------------+
| Global Id | Driver Type/Pin | Driver Region (D) | Clock                                                                    | Period (ns) | Waveform (ns)  | Slice Loads | IO Loads | Clocking Loads | GT Loads | Net                                                                       |
+-----------+-----------------+-------------------+--------------------------------------------------------------------------+-------------+----------------+-------------+----------+----------------+----------+---------------------------------------------------------------------------+
| g5        | BUFG/O          | n/a               | design_1_i/debug_subsystem/mdm_0/U0/Use_E2.BSCAN_I/Use_E2.BSCANE2_I/DRCK |      33.333 | {0.000 16.667} |          90 |        0 |              0 |        0 | design_1_i/debug_subsystem/mdm_0/U0/No_Dbg_Reg_Access.BUFG_DRCK/Dbg_Clk_0 |
+-----------+-----------------+-------------------+--------------------------------------------------------------------------+-------------+----------------+-------------+----------+----------------+----------+---------------------------------------------------------------------------+
* Slice Loads column represents load cell count of all cell types other than IO, GT and clock resources
** IO Loads column represents load cell count of IO types
*** Clocking Loads column represents load cell count that are clock resources (global clock buffer, MMCM, PLL, etc)
**** GT Loads column represents load cell count of GT types


+----+-----+----+
|    | X0  | X1 |
+----+-----+----+
| Y4 |   0 |  0 |
| Y3 |  48 |  0 |
| Y2 |  42 |  0 |
| Y1 |   0 |  0 |
| Y0 |   0 |  0 |
+----+-----+----+


13. Device Cell Placement Summary for Global Clock g6
-----------------------------------------------------

+-----------+-----------------+-------------------+--------------+-------------+---------------+-------------+----------+----------------+----------+--------------------------------------------------------------------------------------------------------------+
| Global Id | Driver Type/Pin | Driver Region (D) | Clock        | Period (ns) | Waveform (ns) | Slice Loads | IO Loads | Clocking Loads | GT Loads | Net                                                                                                          |
+-----------+-----------------+-------------------+--------------+-------------+---------------+-------------+----------+----------------+----------+--------------------------------------------------------------------------------------------------------------+
| g6        | BUFG/O          | n/a               | mmcm_clkout1 |       5.000 | {0.000 2.500} |          63 |        0 |              0 |        0 | design_1_i/memory_subsystem/mem_interface/u_design_1_mem_interface_0_mig/u_ddr3_infrastructure/ui_addn_clk_1 |
+-----------+-----------------+-------------------+--------------+-------------+---------------+-------------+----------+----------------+----------+--------------------------------------------------------------------------------------------------------------+
* Slice Loads column represents load cell count of all cell types other than IO, GT and clock resources
** IO Loads column represents load cell count of IO types
*** Clocking Loads column represents load cell count that are clock resources (global clock buffer, MMCM, PLL, etc)
**** GT Loads column represents load cell count of GT types


+----+-----+-----+
|    | X0  | X1  |
+----+-----+-----+
| Y4 |   0 |  15 |
| Y3 |  47 |   1 |
| Y2 |   0 |   0 |
| Y1 |   0 |   0 |
| Y0 |   0 |   0 |
+----+-----+-----+


14. Device Cell Placement Summary for Global Clock g7
-----------------------------------------------------

+-----------+-----------------+-------------------+----------------------------------------------------------------------------+-------------+----------------+-------------+----------+----------------+----------+-----------------------------------------------------+
| Global Id | Driver Type/Pin | Driver Region (D) | Clock                                                                      | Period (ns) | Waveform (ns)  | Slice Loads | IO Loads | Clocking Loads | GT Loads | Net                                                 |
+-----------+-----------------+-------------------+----------------------------------------------------------------------------+-------------+----------------+-------------+----------+----------------+----------+-----------------------------------------------------+
| g7        | BUFG/O          | n/a               | design_1_i/debug_subsystem/mdm_0/U0/Use_E2.BSCAN_I/Use_E2.BSCANE2_I/UPDATE |      33.333 | {0.000 16.667} |          27 |        0 |              0 |        0 | design_1_i/debug_subsystem/mdm_0/U0/Ext_JTAG_UPDATE |
+-----------+-----------------+-------------------+----------------------------------------------------------------------------+-------------+----------------+-------------+----------+----------------+----------+-----------------------------------------------------+
* Slice Loads column represents load cell count of all cell types other than IO, GT and clock resources
** IO Loads column represents load cell count of IO types
*** Clocking Loads column represents load cell count that are clock resources (global clock buffer, MMCM, PLL, etc)
**** GT Loads column represents load cell count of GT types


+----+-----+----+
|    | X0  | X1 |
+----+-----+----+
| Y4 |   0 |  0 |
| Y3 |  13 |  0 |
| Y2 |  14 |  0 |
| Y1 |   0 |  0 |
| Y0 |   0 |  0 |
+----+-----+----+


15. Device Cell Placement Summary for Global Clock g8
-----------------------------------------------------

+-----------+-----------------+-------------------+----------------+-------------+---------------+-------------+----------+----------------+----------+------------------------------------------------------------------+
| Global Id | Driver Type/Pin | Driver Region (D) | Clock          | Period (ns) | Waveform (ns) | Slice Loads | IO Loads | Clocking Loads | GT Loads | Net                                                              |
+-----------+-----------------+-------------------+----------------+-------------+---------------+-------------+----------+----------------+----------+------------------------------------------------------------------+
| g8        | BUFG/O          | n/a               | clk90_mmcm_out |       8.000 | {2.000 6.000} |           1 |        0 |              0 |        0 | design_1_i/ethernet_subsystem/axis_udp_ethernet_0/inst/clk90_int |
+-----------+-----------------+-------------------+----------------+-------------+---------------+-------------+----------+----------------+----------+------------------------------------------------------------------+
* Slice Loads column represents load cell count of all cell types other than IO, GT and clock resources
** IO Loads column represents load cell count of IO types
*** Clocking Loads column represents load cell count that are clock resources (global clock buffer, MMCM, PLL, etc)
**** GT Loads column represents load cell count of GT types


+----+----+----+
|    | X0 | X1 |
+----+----+----+
| Y4 |  0 |  0 |
| Y3 |  0 |  0 |
| Y2 |  0 |  0 |
| Y1 |  1 |  0 |
| Y0 |  0 |  0 |
+----+----+----+


16. Device Cell Placement Summary for Global Clock g9
-----------------------------------------------------

+-----------+-----------------+-------------------+------------------+-------------+---------------+-------------+----------+----------------+----------+--------------------------------------------------------------------+
| Global Id | Driver Type/Pin | Driver Region (D) | Clock            | Period (ns) | Waveform (ns) | Slice Loads | IO Loads | Clocking Loads | GT Loads | Net                                                                |
+-----------+-----------------+-------------------+------------------+-------------+---------------+-------------+----------+----------------+----------+--------------------------------------------------------------------+
| g9        | BUFG/O          | n/a               | clk_200_mmcm_out |       5.000 | {0.000 2.500} |           1 |        0 |              0 |        0 | design_1_i/ethernet_subsystem/axis_udp_ethernet_0/inst/clk_200_int |
+-----------+-----------------+-------------------+------------------+-------------+---------------+-------------+----------+----------------+----------+--------------------------------------------------------------------+
* Slice Loads column represents load cell count of all cell types other than IO, GT and clock resources
** IO Loads column represents load cell count of IO types
*** Clocking Loads column represents load cell count that are clock resources (global clock buffer, MMCM, PLL, etc)
**** GT Loads column represents load cell count of GT types


+----+----+----+
|    | X0 | X1 |
+----+----+----+
| Y4 |  0 |  0 |
| Y3 |  0 |  0 |
| Y2 |  0 |  0 |
| Y1 |  1 |  0 |
| Y0 |  0 |  0 |
+----+----+----+


17. Device Cell Placement Summary for Global Clock g10
------------------------------------------------------

+-----------+-----------------+-------------------+--------------+-------------+---------------+-------------+----------+----------------+----------+---------------------------------------------------------------------------------------------------------+
| Global Id | Driver Type/Pin | Driver Region (D) | Clock        | Period (ns) | Waveform (ns) | Slice Loads | IO Loads | Clocking Loads | GT Loads | Net                                                                                                     |
+-----------+-----------------+-------------------+--------------+-------------+---------------+-------------+----------+----------------+----------+---------------------------------------------------------------------------------------------------------+
| g10       | BUFH/O          | X1Y3              | pll_clk3_out |      10.000 | {0.000 5.000} |           0 |        0 |              1 |        0 | design_1_i/memory_subsystem/mem_interface/u_design_1_mem_interface_0_mig/u_ddr3_infrastructure/pll_clk3 |
+-----------+-----------------+-------------------+--------------+-------------+---------------+-------------+----------+----------------+----------+---------------------------------------------------------------------------------------------------------+
* Slice Loads column represents load cell count of all cell types other than IO, GT and clock resources
** IO Loads column represents load cell count of IO types
*** Clocking Loads column represents load cell count that are clock resources (global clock buffer, MMCM, PLL, etc)
**** GT Loads column represents load cell count of GT types


+----+----+--------+
|    | X0 | X1     |
+----+----+--------+
| Y4 |  0 |      0 |
| Y3 |  0 |  (D) 1 |
| Y2 |  0 |      0 |
| Y1 |  0 |      0 |
| Y0 |  0 |      0 |
+----+----+--------+


18. Clock Region Cell Placement per Global Clock: Region X1Y0
-------------------------------------------------------------

+-----------+-------+-----------------+------------+-------------+-----------------+------+--------+------+-----+----+------+-----+---------+----------------------------------------------------------------------------------------------------+
| Global Id | Track | Driver Type/Pin | Constraint | Clock Loads | Non-Clock Loads | FF   | LUTRAM | RAMB | DSP | GT | MMCM | PLL | Hard IP | Net                                                                                                |
+-----------+-------+-----------------+------------+-------------+-----------------+------+--------+------+-----+----+------+-----+---------+----------------------------------------------------------------------------------------------------+
| g0        | n/a   | BUFG/O          | None       |        2526 |               0 | 2507 |      0 |   13 |   4 |  0 |    1 |   0 |       0 | design_1_i/memory_subsystem/mem_interface/u_design_1_mem_interface_0_mig/u_ddr3_infrastructure/CLK |
+-----------+-------+-----------------+------------+-------------+-----------------+------+--------+------+-----+----+------+-----+---------+----------------------------------------------------------------------------------------------------+
* Clock Loads column represents the clock pin loads (pin count)
** Non-Clock Loads column represents the non-clock pin loads (pin count)
*** Columns FF, LUTRAM, RAMB through 'Hard IP' represents load cell counts


19. Clock Region Cell Placement per Global Clock: Region X0Y1
-------------------------------------------------------------

+-----------+-------+-----------------+------------+-------------+-----------------+------+--------+------+-----+----+------+-----+---------+---------------------------------------------------------------------------------------------------------------------------------------------------+
| Global Id | Track | Driver Type/Pin | Constraint | Clock Loads | Non-Clock Loads | FF   | LUTRAM | RAMB | DSP | GT | MMCM | PLL | Hard IP | Net                                                                                                                                               |
+-----------+-------+-----------------+------------+-------------+-----------------+------+--------+------+-----+----+------+-----+---------+---------------------------------------------------------------------------------------------------------------------------------------------------+
| g0        | n/a   | BUFG/O          | None       |        2148 |               0 | 2095 |     37 |    4 |  12 |  0 |    0 |   0 |       0 | design_1_i/memory_subsystem/mem_interface/u_design_1_mem_interface_0_mig/u_ddr3_infrastructure/CLK                                                |
| g2        | n/a   | BUFG/O          | None       |        2904 |               0 | 2888 |      0 |    8 |   0 |  0 |    0 |   0 |       0 | design_1_i/ethernet_subsystem/axis_udp_ethernet_0/inst/clk_out                                                                                    |
| g4        | n/a   | BUFR/O          | None       |         208 |               0 |  206 |      0 |    1 |   0 |  0 |    0 |   0 |       0 | design_1_i/ethernet_subsystem/axis_udp_ethernet_0/inst/core_inst/eth_mac_inst/eth_mac_1g_rgmii_inst/rgmii_phy_if_inst/rx_ssio_ddr_inst/output_clk |
| g8        | n/a   | BUFG/O          | None       |           1 |               0 |    0 |      0 |    0 |   0 |  0 |    0 |   0 |       0 | design_1_i/ethernet_subsystem/axis_udp_ethernet_0/inst/clk90_int                                                                                  |
| g9        | n/a   | BUFG/O          | None       |           1 |               0 |    0 |      0 |    0 |   0 |  0 |    0 |   0 |       0 | design_1_i/ethernet_subsystem/axis_udp_ethernet_0/inst/clk_200_int                                                                                |
+-----------+-------+-----------------+------------+-------------+-----------------+------+--------+------+-----+----+------+-----+---------+---------------------------------------------------------------------------------------------------------------------------------------------------+
* Clock Loads column represents the clock pin loads (pin count)
** Non-Clock Loads column represents the non-clock pin loads (pin count)
*** Columns FF, LUTRAM, RAMB through 'Hard IP' represents load cell counts


20. Clock Region Cell Placement per Global Clock: Region X1Y1
-------------------------------------------------------------

+-----------+-------+-----------------+------------+-------------+-----------------+------+--------+------+-----+----+------+-----+---------+----------------------------------------------------------------------------------------------------+
| Global Id | Track | Driver Type/Pin | Constraint | Clock Loads | Non-Clock Loads | FF   | LUTRAM | RAMB | DSP | GT | MMCM | PLL | Hard IP | Net                                                                                                |
+-----------+-------+-----------------+------------+-------------+-----------------+------+--------+------+-----+----+------+-----+---------+----------------------------------------------------------------------------------------------------+
| g0        | n/a   | BUFG/O          | None       |        6206 |               0 | 6164 |      1 |   21 |  20 |  0 |    0 |   0 |       0 | design_1_i/memory_subsystem/mem_interface/u_design_1_mem_interface_0_mig/u_ddr3_infrastructure/CLK |
+-----------+-------+-----------------+------------+-------------+-----------------+------+--------+------+-----+----+------+-----+---------+----------------------------------------------------------------------------------------------------+
* Clock Loads column represents the clock pin loads (pin count)
** Non-Clock Loads column represents the non-clock pin loads (pin count)
*** Columns FF, LUTRAM, RAMB through 'Hard IP' represents load cell counts


21. Clock Region Cell Placement per Global Clock: Region X0Y2
-------------------------------------------------------------

+-----------+-------+-----------------+------------+-------------+-----------------+------+--------+------+-----+----+------+-----+---------+----------------------------------------------------------------------------------------------------+
| Global Id | Track | Driver Type/Pin | Constraint | Clock Loads | Non-Clock Loads | FF   | LUTRAM | RAMB | DSP | GT | MMCM | PLL | Hard IP | Net                                                                                                |
+-----------+-------+-----------------+------------+-------------+-----------------+------+--------+------+-----+----+------+-----+---------+----------------------------------------------------------------------------------------------------+
| g0        | n/a   | BUFG/O          | None       |        7338 |               0 | 6986 |    346 |    4 |   1 |  0 |    0 |   0 |       0 | design_1_i/memory_subsystem/mem_interface/u_design_1_mem_interface_0_mig/u_ddr3_infrastructure/CLK |
| g5        | n/a   | BUFG/O          | None       |          42 |               0 |   38 |      4 |    0 |   0 |  0 |    0 |   0 |       0 | design_1_i/debug_subsystem/mdm_0/U0/No_Dbg_Reg_Access.BUFG_DRCK/Dbg_Clk_0                          |
| g7        | n/a   | BUFG/O          | None       |          14 |               0 |   14 |      0 |    0 |   0 |  0 |    0 |   0 |       0 | design_1_i/debug_subsystem/mdm_0/U0/Ext_JTAG_UPDATE                                                |
+-----------+-------+-----------------+------------+-------------+-----------------+------+--------+------+-----+----+------+-----+---------+----------------------------------------------------------------------------------------------------+
* Clock Loads column represents the clock pin loads (pin count)
** Non-Clock Loads column represents the non-clock pin loads (pin count)
*** Columns FF, LUTRAM, RAMB through 'Hard IP' represents load cell counts


22. Clock Region Cell Placement per Global Clock: Region X1Y2
-------------------------------------------------------------

+-----------+-------+-----------------+------------+-------------+-----------------+------+--------+------+-----+----+------+-----+---------+----------------------------------------------------------------------------------------------------+
| Global Id | Track | Driver Type/Pin | Constraint | Clock Loads | Non-Clock Loads | FF   | LUTRAM | RAMB | DSP | GT | MMCM | PLL | Hard IP | Net                                                                                                |
+-----------+-------+-----------------+------------+-------------+-----------------+------+--------+------+-----+----+------+-----+---------+----------------------------------------------------------------------------------------------------+
| g0        | n/a   | BUFG/O          | None       |        6429 |               0 | 6126 |    298 |    4 |   0 |  0 |    1 |   0 |       0 | design_1_i/memory_subsystem/mem_interface/u_design_1_mem_interface_0_mig/u_ddr3_infrastructure/CLK |
| g1        | n/a   | BUFR/O          | None       |        4886 |               0 | 4870 |      4 |    3 |   0 |  0 |    0 |   0 |       0 | design_1_i/video_subsystem/axi_dynclk_0/U0/PXL_CLK_O                                               |
+-----------+-------+-----------------+------------+-------------+-----------------+------+--------+------+-----+----+------+-----+---------+----------------------------------------------------------------------------------------------------+
* Clock Loads column represents the clock pin loads (pin count)
** Non-Clock Loads column represents the non-clock pin loads (pin count)
*** Columns FF, LUTRAM, RAMB through 'Hard IP' represents load cell counts


23. Clock Region Cell Placement per Global Clock: Region X0Y3
-------------------------------------------------------------

+-----------+-------+-----------------+------------+-------------+-----------------+------+--------+------+-----+----+------+-----+---------+--------------------------------------------------------------------------------------------------------------+
| Global Id | Track | Driver Type/Pin | Constraint | Clock Loads | Non-Clock Loads | FF   | LUTRAM | RAMB | DSP | GT | MMCM | PLL | Hard IP | Net                                                                                                          |
+-----------+-------+-----------------+------------+-------------+-----------------+------+--------+------+-----+----+------+-----+---------+--------------------------------------------------------------------------------------------------------------+
| g0        | n/a   | BUFG/O          | None       |        7646 |               0 | 6837 |    786 |   22 |   0 |  0 |    0 |   0 |       0 | design_1_i/memory_subsystem/mem_interface/u_design_1_mem_interface_0_mig/u_ddr3_infrastructure/CLK           |
| g3        | n/a   | BUFG/O          | None       |          33 |               0 |   33 |      0 |    0 |   0 |  0 |    0 |   0 |       0 | dbg_hub/inst/BSCANID.u_xsdbm_id/itck_i                                                                       |
| g5        | n/a   | BUFG/O          | None       |          48 |               0 |   46 |      2 |    0 |   0 |  0 |    0 |   0 |       0 | design_1_i/debug_subsystem/mdm_0/U0/No_Dbg_Reg_Access.BUFG_DRCK/Dbg_Clk_0                                    |
| g6        | n/a   | BUFG/O          | None       |          47 |               0 |   46 |      0 |    0 |   0 |  0 |    0 |   0 |       0 | design_1_i/memory_subsystem/mem_interface/u_design_1_mem_interface_0_mig/u_ddr3_infrastructure/ui_addn_clk_1 |
| g7        | n/a   | BUFG/O          | None       |          13 |               0 |   13 |      0 |    0 |   0 |  0 |    0 |   0 |       0 | design_1_i/debug_subsystem/mdm_0/U0/Ext_JTAG_UPDATE                                                          |
+-----------+-------+-----------------+------------+-------------+-----------------+------+--------+------+-----+----+------+-----+---------+--------------------------------------------------------------------------------------------------------------+
* Clock Loads column represents the clock pin loads (pin count)
** Non-Clock Loads column represents the non-clock pin loads (pin count)
*** Columns FF, LUTRAM, RAMB through 'Hard IP' represents load cell counts


24. Clock Region Cell Placement per Global Clock: Region X1Y3
-------------------------------------------------------------

+-----------+-------+-----------------+------------+-------------+-----------------+-------+--------+------+-----+----+------+-----+---------+--------------------------------------------------------------------------------------------------------------+
| Global Id | Track | Driver Type/Pin | Constraint | Clock Loads | Non-Clock Loads | FF    | LUTRAM | RAMB | DSP | GT | MMCM | PLL | Hard IP | Net                                                                                                          |
+-----------+-------+-----------------+------------+-------------+-----------------+-------+--------+------+-----+----+------+-----+---------+--------------------------------------------------------------------------------------------------------------+
| g0        | n/a   | BUFG/O          | None       |       11274 |               0 | 10894 |    349 |    1 |   0 |  0 |    1 |   0 |       0 | design_1_i/memory_subsystem/mem_interface/u_design_1_mem_interface_0_mig/u_ddr3_infrastructure/CLK           |
| g6        | n/a   | BUFG/O          | None       |           1 |               0 |     0 |      0 |    0 |   0 |  0 |    0 |   0 |       0 | design_1_i/memory_subsystem/mem_interface/u_design_1_mem_interface_0_mig/u_ddr3_infrastructure/ui_addn_clk_1 |
| g10       | n/a   | BUFH/O          | None       |           1 |               0 |     0 |      0 |    0 |   0 |  0 |    1 |   0 |       0 | design_1_i/memory_subsystem/mem_interface/u_design_1_mem_interface_0_mig/u_ddr3_infrastructure/pll_clk3      |
+-----------+-------+-----------------+------------+-------------+-----------------+-------+--------+------+-----+----+------+-----+---------+--------------------------------------------------------------------------------------------------------------+
* Clock Loads column represents the clock pin loads (pin count)
** Non-Clock Loads column represents the non-clock pin loads (pin count)
*** Columns FF, LUTRAM, RAMB through 'Hard IP' represents load cell counts


25. Clock Region Cell Placement per Global Clock: Region X0Y4
-------------------------------------------------------------

+-----------+-------+-----------------+------------+-------------+-----------------+-----+--------+------+-----+----+------+-----+---------+----------------------------------------------------------------------------------------------------+
| Global Id | Track | Driver Type/Pin | Constraint | Clock Loads | Non-Clock Loads | FF  | LUTRAM | RAMB | DSP | GT | MMCM | PLL | Hard IP | Net                                                                                                |
+-----------+-------+-----------------+------------+-------------+-----------------+-----+--------+------+-----+----+------+-----+---------+----------------------------------------------------------------------------------------------------+
| g0        | n/a   | BUFG/O          | None       |         243 |               0 | 243 |      0 |    0 |   0 |  0 |    0 |   0 |       0 | design_1_i/memory_subsystem/mem_interface/u_design_1_mem_interface_0_mig/u_ddr3_infrastructure/CLK |
| g3        | n/a   | BUFG/O          | None       |         425 |               0 | 425 |      0 |    0 |   0 |  0 |    0 |   0 |       0 | dbg_hub/inst/BSCANID.u_xsdbm_id/itck_i                                                             |
+-----------+-------+-----------------+------------+-------------+-----------------+-----+--------+------+-----+----+------+-----+---------+----------------------------------------------------------------------------------------------------+
* Clock Loads column represents the clock pin loads (pin count)
** Non-Clock Loads column represents the non-clock pin loads (pin count)
*** Columns FF, LUTRAM, RAMB through 'Hard IP' represents load cell counts


26. Clock Region Cell Placement per Global Clock: Region X1Y4
-------------------------------------------------------------

+-----------+-------+-----------------+------------+-------------+-----------------+-----+--------+------+-----+----+------+-----+---------+--------------------------------------------------------------------------------------------------------------+
| Global Id | Track | Driver Type/Pin | Constraint | Clock Loads | Non-Clock Loads | FF  | LUTRAM | RAMB | DSP | GT | MMCM | PLL | Hard IP | Net                                                                                                          |
+-----------+-------+-----------------+------------+-------------+-----------------+-----+--------+------+-----+----+------+-----+---------+--------------------------------------------------------------------------------------------------------------+
| g0        | n/a   | BUFG/O          | None       |         937 |               0 | 932 |      5 |    0 |   0 |  0 |    0 |   0 |       0 | design_1_i/memory_subsystem/mem_interface/u_design_1_mem_interface_0_mig/u_ddr3_infrastructure/CLK           |
| g6        | n/a   | BUFG/O          | None       |          15 |               0 |  15 |      0 |    0 |   0 |  0 |    0 |   0 |       0 | design_1_i/memory_subsystem/mem_interface/u_design_1_mem_interface_0_mig/u_ddr3_infrastructure/ui_addn_clk_1 |
+-----------+-------+-----------------+------------+-------------+-----------------+-----+--------+------+-----+----+------+-----+---------+--------------------------------------------------------------------------------------------------------------+
* Clock Loads column represents the clock pin loads (pin count)
** Non-Clock Loads column represents the non-clock pin loads (pin count)
*** Columns FF, LUTRAM, RAMB through 'Hard IP' represents load cell counts



# Location of BUFG Primitives 
set_property LOC BUFGCTRL_X0Y17 [get_cells design_1_i/memory_subsystem/mem_interface/u_design_1_mem_interface_0_mig/u_ddr3_infrastructure/gen_ui_extra_clocks.u_bufg_ui_addn_clk_1]
set_property LOC BUFGCTRL_X0Y16 [get_cells design_1_i/memory_subsystem/mem_interface/u_design_1_mem_interface_0_mig/u_ddr3_infrastructure/u_bufg_clkdiv0]
set_property LOC BUFGCTRL_X0Y0 [get_cells design_1_i/ethernet_subsystem/axis_udp_ethernet_0/inst/clk_bufg_inst]
set_property LOC BUFGCTRL_X0Y2 [get_cells design_1_i/ethernet_subsystem/axis_udp_ethernet_0/inst/clk_200_bufg_inst]
set_property LOC BUFGCTRL_X0Y1 [get_cells design_1_i/ethernet_subsystem/axis_udp_ethernet_0/inst/clk90_bufg_inst]
set_property LOC BUFGCTRL_X0Y4 [get_cells design_1_i/debug_subsystem/mdm_0/U0/No_Dbg_Reg_Access.BUFG_DRCK/Using_FPGA.Native]
set_property LOC BUFGCTRL_X0Y5 [get_cells design_1_i/debug_subsystem/mdm_0/U0/Ext_JTAG_UPDATE_BUFG_inst]
set_property LOC BUFGCTRL_X0Y3 [get_cells dbg_hub/inst/BSCANID.u_xsdbm_id/SWITCH_N_EXT_BSCAN.u_bufg_icon_tck]

# Location of BUFH Primitives 
set_property LOC BUFHCE_X1Y36 [get_cells design_1_i/memory_subsystem/mem_interface/u_design_1_mem_interface_0_mig/u_ddr3_infrastructure/u_bufh_pll_clk3]

# Location of BUFIO Primitives 
set_property LOC BUFIO_X1Y9 [get_cells design_1_i/video_subsystem/axi_dynclk_0/U0/BUFIO_inst]
set_property LOC BUFIO_X0Y5 [get_cells design_1_i/ethernet_subsystem/axis_udp_ethernet_0/inst/core_inst/eth_mac_inst/eth_mac_1g_rgmii_inst/rgmii_phy_if_inst/rx_ssio_ddr_inst/clk_bufio]

# Location of BUFMR Primitives 
set_property LOC BUFMRCE_X1Y4 [get_cells design_1_i/video_subsystem/axi_dynclk_0/U0/GenerateBUFMR.BUFMR_inst]

# Location of BUFR Primitives 
set_property LOC BUFR_X1Y9 [get_cells design_1_i/video_subsystem/axi_dynclk_0/U0/BUFR_inst]
set_property LOC BUFR_X0Y5 [get_cells design_1_i/ethernet_subsystem/axis_udp_ethernet_0/inst/core_inst/eth_mac_inst/eth_mac_1g_rgmii_inst/rgmii_phy_if_inst/rx_ssio_ddr_inst/clk_bufr]

# Location of IO Primitives which is load of clock spine

# Location of clock ports
set_property LOC IOB_X0Y74 [get_ports RGMII_eth_phy_rx_clk]
set_property LOC IOB_X1Y124 [get_ports sys_clk_i]

# Clock net "design_1_i/video_subsystem/axi_dynclk_0/U0/PXL_CLK_O" driven by instance "design_1_i/video_subsystem/axi_dynclk_0/U0/BUFR_inst" located at site "BUFR_X1Y9"
#startgroup
create_pblock {CLKAG_design_1_i/video_subsystem/axi_dynclk_0/U0/PXL_CLK_O}
add_cells_to_pblock [get_pblocks  {CLKAG_design_1_i/video_subsystem/axi_dynclk_0/U0/PXL_CLK_O}] [get_cells -filter { PRIMITIVE_GROUP != I/O && IS_PRIMITIVE==1 && PRIMITIVE_LEVEL !=INTERNAL } -of_object [get_pins -filter {DIRECTION==IN} -of_objects [get_nets -hierarchical -filter {PARENT=="design_1_i/video_subsystem/axi_dynclk_0/U0/PXL_CLK_O"}]]]
resize_pblock [get_pblocks {CLKAG_design_1_i/video_subsystem/axi_dynclk_0/U0/PXL_CLK_O}] -add {CLOCKREGION_X1Y2:CLOCKREGION_X1Y2}
#endgroup

# Clock net "design_1_i/memory_subsystem/mem_interface/u_design_1_mem_interface_0_mig/u_ddr3_infrastructure/ui_addn_clk_1" driven by instance "design_1_i/memory_subsystem/mem_interface/u_design_1_mem_interface_0_mig/u_ddr3_infrastructure/gen_ui_extra_clocks.u_bufg_ui_addn_clk_1" located at site "BUFGCTRL_X0Y17"
#startgroup
create_pblock {CLKAG_design_1_i/memory_subsystem/mem_interface/u_design_1_mem_interface_0_mig/u_ddr3_infrastructure/ui_addn_clk_1}
add_cells_to_pblock [get_pblocks  {CLKAG_design_1_i/memory_subsystem/mem_interface/u_design_1_mem_interface_0_mig/u_ddr3_infrastructure/ui_addn_clk_1}] [get_cells -filter { PRIMITIVE_GROUP != I/O && IS_PRIMITIVE==1 && PRIMITIVE_LEVEL !=INTERNAL } -of_object [get_pins -filter {DIRECTION==IN} -of_objects [get_nets -hierarchical -filter {PARENT=="design_1_i/memory_subsystem/mem_interface/u_design_1_mem_interface_0_mig/u_ddr3_infrastructure/ui_addn_clk_1"}]]]
resize_pblock [get_pblocks {CLKAG_design_1_i/memory_subsystem/mem_interface/u_design_1_mem_interface_0_mig/u_ddr3_infrastructure/ui_addn_clk_1}] -add {CLOCKREGION_X0Y3:CLOCKREGION_X0Y3 CLOCKREGION_X1Y3:CLOCKREGION_X1Y3 CLOCKREGION_X1Y4:CLOCKREGION_X1Y4}
#endgroup

# Clock net "design_1_i/memory_subsystem/mem_interface/u_design_1_mem_interface_0_mig/u_ddr3_infrastructure/CLK" driven by instance "design_1_i/memory_subsystem/mem_interface/u_design_1_mem_interface_0_mig/u_ddr3_infrastructure/u_bufg_clkdiv0" located at site "BUFGCTRL_X0Y16"
#startgroup
create_pblock {CLKAG_design_1_i/memory_subsystem/mem_interface/u_design_1_mem_interface_0_mig/u_ddr3_infrastructure/CLK}
add_cells_to_pblock [get_pblocks  {CLKAG_design_1_i/memory_subsystem/mem_interface/u_design_1_mem_interface_0_mig/u_ddr3_infrastructure/CLK}] [get_cells -filter { PRIMITIVE_GROUP != I/O && IS_PRIMITIVE==1 && PRIMITIVE_LEVEL !=INTERNAL && NAME!=design_1_i/video_subsystem/axi_dynclk_0/U0/Inst_mmcme2_drp/mmcm_adv_inst && NAME!=design_1_i/memory_subsystem/mem_interface/u_design_1_mem_interface_0_mig/u_ddr3_infrastructure/gen_ui_extra_clocks.mmcm_i && NAME!=design_1_i/ethernet_subsystem/axis_udp_ethernet_0/inst/clk_mmcm_inst} -of_object [get_pins -filter {DIRECTION==IN} -of_objects [get_nets -hierarchical -filter {PARENT=="design_1_i/memory_subsystem/mem_interface/u_design_1_mem_interface_0_mig/u_ddr3_infrastructure/CLK"}]]]
resize_pblock [get_pblocks {CLKAG_design_1_i/memory_subsystem/mem_interface/u_design_1_mem_interface_0_mig/u_ddr3_infrastructure/CLK}] -add {CLOCKREGION_X0Y1:CLOCKREGION_X0Y1 CLOCKREGION_X0Y2:CLOCKREGION_X0Y2 CLOCKREGION_X0Y3:CLOCKREGION_X0Y3 CLOCKREGION_X0Y4:CLOCKREGION_X0Y4 CLOCKREGION_X1Y0:CLOCKREGION_X1Y0 CLOCKREGION_X1Y1:CLOCKREGION_X1Y1 CLOCKREGION_X1Y2:CLOCKREGION_X1Y2 CLOCKREGION_X1Y3:CLOCKREGION_X1Y3 CLOCKREGION_X1Y4:CLOCKREGION_X1Y4}
#endgroup

# Clock net "design_1_i/ethernet_subsystem/axis_udp_ethernet_0/inst/core_inst/eth_mac_inst/eth_mac_1g_rgmii_inst/rgmii_phy_if_inst/rx_ssio_ddr_inst/output_clk" driven by instance "design_1_i/ethernet_subsystem/axis_udp_ethernet_0/inst/core_inst/eth_mac_inst/eth_mac_1g_rgmii_inst/rgmii_phy_if_inst/rx_ssio_ddr_inst/clk_bufr" located at site "BUFR_X0Y5"
#startgroup
create_pblock {CLKAG_design_1_i/ethernet_subsystem/axis_udp_ethernet_0/inst/core_inst/eth_mac_inst/eth_mac_1g_rgmii_inst/rgmii_phy_if_inst/rx_ssio_ddr_inst/output_clk}
add_cells_to_pblock [get_pblocks  {CLKAG_design_1_i/ethernet_subsystem/axis_udp_ethernet_0/inst/core_inst/eth_mac_inst/eth_mac_1g_rgmii_inst/rgmii_phy_if_inst/rx_ssio_ddr_inst/output_clk}] [get_cells -filter { PRIMITIVE_GROUP != I/O && IS_PRIMITIVE==1 && PRIMITIVE_LEVEL !=INTERNAL } -of_object [get_pins -filter {DIRECTION==IN} -of_objects [get_nets -hierarchical -filter {PARENT=="design_1_i/ethernet_subsystem/axis_udp_ethernet_0/inst/core_inst/eth_mac_inst/eth_mac_1g_rgmii_inst/rgmii_phy_if_inst/rx_ssio_ddr_inst/output_clk"}]]]
resize_pblock [get_pblocks {CLKAG_design_1_i/ethernet_subsystem/axis_udp_ethernet_0/inst/core_inst/eth_mac_inst/eth_mac_1g_rgmii_inst/rgmii_phy_if_inst/rx_ssio_ddr_inst/output_clk}] -add {CLOCKREGION_X0Y1:CLOCKREGION_X0Y1}
#endgroup

# Clock net "design_1_i/ethernet_subsystem/axis_udp_ethernet_0/inst/clk_out" driven by instance "design_1_i/ethernet_subsystem/axis_udp_ethernet_0/inst/clk_bufg_inst" located at site "BUFGCTRL_X0Y0"
#startgroup
create_pblock {CLKAG_design_1_i/ethernet_subsystem/axis_udp_ethernet_0/inst/clk_out}
add_cells_to_pblock [get_pblocks  {CLKAG_design_1_i/ethernet_subsystem/axis_udp_ethernet_0/inst/clk_out}] [get_cells -filter { PRIMITIVE_GROUP != I/O && IS_PRIMITIVE==1 && PRIMITIVE_LEVEL !=INTERNAL } -of_object [get_pins -filter {DIRECTION==IN} -of_objects [get_nets -hierarchical -filter {PARENT=="design_1_i/ethernet_subsystem/axis_udp_ethernet_0/inst/clk_out"}]]]
resize_pblock [get_pblocks {CLKAG_design_1_i/ethernet_subsystem/axis_udp_ethernet_0/inst/clk_out}] -add {CLOCKREGION_X0Y1:CLOCKREGION_X0Y1}
#endgroup

# Clock net "design_1_i/ethernet_subsystem/axis_udp_ethernet_0/inst/clk_200_int" driven by instance "design_1_i/ethernet_subsystem/axis_udp_ethernet_0/inst/clk_200_bufg_inst" located at site "BUFGCTRL_X0Y2"
#startgroup
create_pblock {CLKAG_design_1_i/ethernet_subsystem/axis_udp_ethernet_0/inst/clk_200_int}
add_cells_to_pblock [get_pblocks  {CLKAG_design_1_i/ethernet_subsystem/axis_udp_ethernet_0/inst/clk_200_int}] [get_cells -filter { PRIMITIVE_GROUP != I/O && IS_PRIMITIVE==1 && PRIMITIVE_LEVEL !=INTERNAL } -of_object [get_pins -filter {DIRECTION==IN} -of_objects [get_nets -hierarchical -filter {PARENT=="design_1_i/ethernet_subsystem/axis_udp_ethernet_0/inst/clk_200_int"}]]]
resize_pblock [get_pblocks {CLKAG_design_1_i/ethernet_subsystem/axis_udp_ethernet_0/inst/clk_200_int}] -add {CLOCKREGION_X0Y1:CLOCKREGION_X0Y1}
#endgroup

# Clock net "design_1_i/ethernet_subsystem/axis_udp_ethernet_0/inst/clk90_int" driven by instance "design_1_i/ethernet_subsystem/axis_udp_ethernet_0/inst/clk90_bufg_inst" located at site "BUFGCTRL_X0Y1"
#startgroup
create_pblock {CLKAG_design_1_i/ethernet_subsystem/axis_udp_ethernet_0/inst/clk90_int}
add_cells_to_pblock [get_pblocks  {CLKAG_design_1_i/ethernet_subsystem/axis_udp_ethernet_0/inst/clk90_int}] [get_cells -filter { PRIMITIVE_GROUP != I/O && IS_PRIMITIVE==1 && PRIMITIVE_LEVEL !=INTERNAL } -of_object [get_pins -filter {DIRECTION==IN} -of_objects [get_nets -hierarchical -filter {PARENT=="design_1_i/ethernet_subsystem/axis_udp_ethernet_0/inst/clk90_int"}]]]
resize_pblock [get_pblocks {CLKAG_design_1_i/ethernet_subsystem/axis_udp_ethernet_0/inst/clk90_int}] -add {CLOCKREGION_X0Y1:CLOCKREGION_X0Y1}
#endgroup

# Clock net "design_1_i/debug_subsystem/mdm_0/U0/No_Dbg_Reg_Access.BUFG_DRCK/Dbg_Clk_0" driven by instance "design_1_i/debug_subsystem/mdm_0/U0/No_Dbg_Reg_Access.BUFG_DRCK/Using_FPGA.Native" located at site "BUFGCTRL_X0Y4"
#startgroup
create_pblock {CLKAG_design_1_i/debug_subsystem/mdm_0/U0/No_Dbg_Reg_Access.BUFG_DRCK/Dbg_Clk_0}
add_cells_to_pblock [get_pblocks  {CLKAG_design_1_i/debug_subsystem/mdm_0/U0/No_Dbg_Reg_Access.BUFG_DRCK/Dbg_Clk_0}] [get_cells -filter { PRIMITIVE_GROUP != I/O && IS_PRIMITIVE==1 && PRIMITIVE_LEVEL !=INTERNAL } -of_object [get_pins -filter {DIRECTION==IN} -of_objects [get_nets -hierarchical -filter {PARENT=="design_1_i/debug_subsystem/mdm_0/U0/No_Dbg_Reg_Access.BUFG_DRCK/Dbg_Clk_0"}]]]
resize_pblock [get_pblocks {CLKAG_design_1_i/debug_subsystem/mdm_0/U0/No_Dbg_Reg_Access.BUFG_DRCK/Dbg_Clk_0}] -add {CLOCKREGION_X0Y2:CLOCKREGION_X0Y2 CLOCKREGION_X0Y3:CLOCKREGION_X0Y3}
#endgroup

# Clock net "design_1_i/debug_subsystem/mdm_0/U0/Ext_JTAG_UPDATE" driven by instance "design_1_i/debug_subsystem/mdm_0/U0/Ext_JTAG_UPDATE_BUFG_inst" located at site "BUFGCTRL_X0Y5"
#startgroup
create_pblock {CLKAG_design_1_i/debug_subsystem/mdm_0/U0/Ext_JTAG_UPDATE}
add_cells_to_pblock [get_pblocks  {CLKAG_design_1_i/debug_subsystem/mdm_0/U0/Ext_JTAG_UPDATE}] [get_cells -filter { PRIMITIVE_GROUP != I/O && IS_PRIMITIVE==1 && PRIMITIVE_LEVEL !=INTERNAL } -of_object [get_pins -filter {DIRECTION==IN} -of_objects [get_nets -hierarchical -filter {PARENT=="design_1_i/debug_subsystem/mdm_0/U0/Ext_JTAG_UPDATE"}]]]
resize_pblock [get_pblocks {CLKAG_design_1_i/debug_subsystem/mdm_0/U0/Ext_JTAG_UPDATE}] -add {CLOCKREGION_X0Y2:CLOCKREGION_X0Y2 CLOCKREGION_X0Y3:CLOCKREGION_X0Y3}
#endgroup

# Clock net "dbg_hub/inst/BSCANID.u_xsdbm_id/itck_i" driven by instance "dbg_hub/inst/BSCANID.u_xsdbm_id/SWITCH_N_EXT_BSCAN.u_bufg_icon_tck" located at site "BUFGCTRL_X0Y3"
#startgroup
create_pblock {CLKAG_dbg_hub/inst/BSCANID.u_xsdbm_id/itck_i}
add_cells_to_pblock [get_pblocks  {CLKAG_dbg_hub/inst/BSCANID.u_xsdbm_id/itck_i}] [get_cells -filter { PRIMITIVE_GROUP != I/O && IS_PRIMITIVE==1 && PRIMITIVE_LEVEL !=INTERNAL } -of_object [get_pins -filter {DIRECTION==IN} -of_objects [get_nets -hierarchical -filter {PARENT=="dbg_hub/inst/BSCANID.u_xsdbm_id/itck_i"}]]]
resize_pblock [get_pblocks {CLKAG_dbg_hub/inst/BSCANID.u_xsdbm_id/itck_i}] -add {CLOCKREGION_X0Y3:CLOCKREGION_X0Y3 CLOCKREGION_X0Y4:CLOCKREGION_X0Y4}
#endgroup
