Copyright 1986-2020 Xilinx, Inc. All Rights Reserved.
--------------------------------------------------------------------------------------------------------------------------------------------------------------------------------------
| Tool Version : Vivado v.2020.1 (win64) Build 2902540 Wed May 27 19:54:49 MDT 2020
| Date         : Wed Mar 31 12:21:31 2021
| Host         : CO2050-07 running 64-bit major release  (build 9200)
| Command      : report_methodology -file design_1_wrapper_methodology_drc_routed.rpt -pb design_1_wrapper_methodology_drc_routed.pb -rpx design_1_wrapper_methodology_drc_routed.rpx
| Design       : design_1_wrapper
| Device       : xc7a200tsbg484-1
| Speed File   : -1
| Design State : Fully Routed
--------------------------------------------------------------------------------------------------------------------------------------------------------------------------------------

Report Methodology

Table of Contents
-----------------
1. REPORT SUMMARY
2. REPORT DETAILS

1. REPORT SUMMARY
-----------------
            Netlist: netlist
          Floorplan: design_1
      Design limits: <entire design considered>
             Max violations: <unlimited>
             Violations found: 68
+-----------+------------------+--------------------------------------------------------+------------+
| Rule      | Severity         | Description                                            | Violations |
+-----------+------------------+--------------------------------------------------------+------------+
| TIMING-2  | Critical Warning | Invalid primary clock source pin                       | 1          |
| TIMING-4  | Critical Warning | Invalid primary clock redefinition on a clock tree     | 2          |
| TIMING-27 | Critical Warning | Invalid primary clock on hierarchical pin              | 1          |
| LUTAR-1   | Warning          | LUT drives async reset alert                           | 9          |
| PDRC-190  | Warning          | Suboptimally placed synchronized register chain        | 22         |
| TIMING-9  | Warning          | Unknown CDC Logic                                      | 1          |
| TIMING-11 | Warning          | Inappropriate max delay with datapath only option      | 2          |
| TIMING-18 | Warning          | Missing input or output delay                          | 9          |
| XDCB-5    | Warning          | Runtime inefficient way to find pin objects            | 3          |
| XDCC-1    | Warning          | Scoped Clock constraint overwritten with the same name | 1          |
| XDCC-2    | Warning          | Scoped Non-Timing constraint/property overwritten      | 1          |
| REQP-1959 | Advisory         | connects_SERDES_RST_driver_not_FF                      | 16         |
+-----------+------------------+--------------------------------------------------------+------------+

2. REPORT DETAILS
-----------------
TIMING-2#1 Critical Warning
Invalid primary clock source pin  
A primary clock phy_rx_clk is created on an inappropriate pin design_1_i/ethernet_subsystem/axis_udp_ethernet_0/inst/phy_rx_clk. It is recommended to create a primary clock only on a proper clock source (input port or primitive output pin with no timing arc)
Related violations: <none>

TIMING-4#1 Critical Warning
Invalid primary clock redefinition on a clock tree  
Invalid clock redefinition on a clock tree. The primary clock clk is defined downstream of clock clk_pll_i and overrides its insertion delay and/or waveform definition
Related violations: <none>

TIMING-4#2 Critical Warning
Invalid primary clock redefinition on a clock tree  
Invalid clock redefinition on a clock tree. The primary clock phy_rx_clk is defined downstream of clock RGMII_eth_phy_rx_clk and overrides its insertion delay and/or waveform definition
Related violations: <none>

TIMING-27#1 Critical Warning
Invalid primary clock on hierarchical pin  
A primary clock clk is created on an inappropriate internal pin design_1_i/ethernet_subsystem/axis_udp_ethernet_0/inst/clk. It is not recommended to create a primary clock on a hierarchical pin when its driver pin has a fanout connected to multiple clock pins
Related violations: <none>

LUTAR-1#1 Warning
LUT drives async reset alert  
LUT cell dbg_hub/inst/BSCANID.u_xsdbm_id/CORE_XSDB.UUT_MASTER/U_ICON_INTERFACE/U_CMD6_RD/U_RD_FIFO/SUBCORE_FIFO.xsdbm_v3_0_0_rdfifo_inst/inst_fifo_gen/gconvfifo.rf/grf.rf/rstblk/ngwrdrst.grst.g7serrst.gwrrd_rst_sync_stage[2].rrst_inst/ngwrdrst.grst.g7serrst.rd_rst_reg[2]_i_1, with 2 or more inputs, drives asynchronous preset/clear pin(s) dbg_hub/inst/BSCANID.u_xsdbm_id/CORE_XSDB.UUT_MASTER/U_ICON_INTERFACE/U_CMD6_RD/U_RD_FIFO/SUBCORE_FIFO.xsdbm_v3_0_0_rdfifo_inst/inst_fifo_gen/gconvfifo.rf/grf.rf/rstblk/ngwrdrst.grst.g7serrst.rd_rst_reg_reg[0]/PRE,
dbg_hub/inst/BSCANID.u_xsdbm_id/CORE_XSDB.UUT_MASTER/U_ICON_INTERFACE/U_CMD6_RD/U_RD_FIFO/SUBCORE_FIFO.xsdbm_v3_0_0_rdfifo_inst/inst_fifo_gen/gconvfifo.rf/grf.rf/rstblk/ngwrdrst.grst.g7serrst.rd_rst_reg_reg[1]/PRE,
dbg_hub/inst/BSCANID.u_xsdbm_id/CORE_XSDB.UUT_MASTER/U_ICON_INTERFACE/U_CMD6_RD/U_RD_FIFO/SUBCORE_FIFO.xsdbm_v3_0_0_rdfifo_inst/inst_fifo_gen/gconvfifo.rf/grf.rf/rstblk/ngwrdrst.grst.g7serrst.rd_rst_reg_reg[2]/PRE. The LUT may glitch and trigger an unexpected reset, even if it is a properly timed path.
Related violations: <none>

LUTAR-1#2 Warning
LUT drives async reset alert  
LUT cell dbg_hub/inst/BSCANID.u_xsdbm_id/CORE_XSDB.UUT_MASTER/U_ICON_INTERFACE/U_CMD6_RD/U_RD_FIFO/SUBCORE_FIFO.xsdbm_v3_0_0_rdfifo_inst/inst_fifo_gen/gconvfifo.rf/grf.rf/rstblk/ngwrdrst.grst.g7serrst.gwrrd_rst_sync_stage[2].wrst_inst/ngwrdrst.grst.g7serrst.wr_rst_reg[2]_i_1, with 2 or more inputs, drives asynchronous preset/clear pin(s) dbg_hub/inst/BSCANID.u_xsdbm_id/CORE_XSDB.UUT_MASTER/U_ICON_INTERFACE/U_CMD6_RD/U_RD_FIFO/SUBCORE_FIFO.xsdbm_v3_0_0_rdfifo_inst/inst_fifo_gen/gconvfifo.rf/grf.rf/rstblk/ngwrdrst.grst.g7serrst.wr_rst_reg_reg[0]/PRE,
dbg_hub/inst/BSCANID.u_xsdbm_id/CORE_XSDB.UUT_MASTER/U_ICON_INTERFACE/U_CMD6_RD/U_RD_FIFO/SUBCORE_FIFO.xsdbm_v3_0_0_rdfifo_inst/inst_fifo_gen/gconvfifo.rf/grf.rf/rstblk/ngwrdrst.grst.g7serrst.wr_rst_reg_reg[1]/PRE,
dbg_hub/inst/BSCANID.u_xsdbm_id/CORE_XSDB.UUT_MASTER/U_ICON_INTERFACE/U_CMD6_RD/U_RD_FIFO/SUBCORE_FIFO.xsdbm_v3_0_0_rdfifo_inst/inst_fifo_gen/gconvfifo.rf/grf.rf/rstblk/ngwrdrst.grst.g7serrst.wr_rst_reg_reg[2]/PRE. The LUT may glitch and trigger an unexpected reset, even if it is a properly timed path.
Related violations: <none>

LUTAR-1#3 Warning
LUT drives async reset alert  
LUT cell dbg_hub/inst/BSCANID.u_xsdbm_id/CORE_XSDB.UUT_MASTER/U_ICON_INTERFACE/U_CMD6_WR/U_WR_FIFO/SUBCORE_FIFO.xsdbm_v3_0_0_wrfifo_inst/inst_fifo_gen/gconvfifo.rf/grf.rf/rstblk/ngwrdrst.grst.g7serrst.gwrrd_rst_sync_stage[2].rrst_inst/ngwrdrst.grst.g7serrst.rd_rst_reg[2]_i_1, with 2 or more inputs, drives asynchronous preset/clear pin(s) dbg_hub/inst/BSCANID.u_xsdbm_id/CORE_XSDB.UUT_MASTER/U_ICON_INTERFACE/U_CMD6_WR/U_WR_FIFO/SUBCORE_FIFO.xsdbm_v3_0_0_wrfifo_inst/inst_fifo_gen/gconvfifo.rf/grf.rf/rstblk/ngwrdrst.grst.g7serrst.rd_rst_reg_reg[0]/PRE,
dbg_hub/inst/BSCANID.u_xsdbm_id/CORE_XSDB.UUT_MASTER/U_ICON_INTERFACE/U_CMD6_WR/U_WR_FIFO/SUBCORE_FIFO.xsdbm_v3_0_0_wrfifo_inst/inst_fifo_gen/gconvfifo.rf/grf.rf/rstblk/ngwrdrst.grst.g7serrst.rd_rst_reg_reg[1]/PRE,
dbg_hub/inst/BSCANID.u_xsdbm_id/CORE_XSDB.UUT_MASTER/U_ICON_INTERFACE/U_CMD6_WR/U_WR_FIFO/SUBCORE_FIFO.xsdbm_v3_0_0_wrfifo_inst/inst_fifo_gen/gconvfifo.rf/grf.rf/rstblk/ngwrdrst.grst.g7serrst.rd_rst_reg_reg[2]/PRE. The LUT may glitch and trigger an unexpected reset, even if it is a properly timed path.
Related violations: <none>

LUTAR-1#4 Warning
LUT drives async reset alert  
LUT cell dbg_hub/inst/BSCANID.u_xsdbm_id/CORE_XSDB.UUT_MASTER/U_ICON_INTERFACE/U_CMD6_WR/U_WR_FIFO/SUBCORE_FIFO.xsdbm_v3_0_0_wrfifo_inst/inst_fifo_gen/gconvfifo.rf/grf.rf/rstblk/ngwrdrst.grst.g7serrst.gwrrd_rst_sync_stage[2].wrst_inst/ngwrdrst.grst.g7serrst.wr_rst_reg[2]_i_1, with 2 or more inputs, drives asynchronous preset/clear pin(s) dbg_hub/inst/BSCANID.u_xsdbm_id/CORE_XSDB.UUT_MASTER/U_ICON_INTERFACE/U_CMD6_WR/U_WR_FIFO/SUBCORE_FIFO.xsdbm_v3_0_0_wrfifo_inst/inst_fifo_gen/gconvfifo.rf/grf.rf/rstblk/ngwrdrst.grst.g7serrst.wr_rst_reg_reg[0]/PRE,
dbg_hub/inst/BSCANID.u_xsdbm_id/CORE_XSDB.UUT_MASTER/U_ICON_INTERFACE/U_CMD6_WR/U_WR_FIFO/SUBCORE_FIFO.xsdbm_v3_0_0_wrfifo_inst/inst_fifo_gen/gconvfifo.rf/grf.rf/rstblk/ngwrdrst.grst.g7serrst.wr_rst_reg_reg[1]/PRE,
dbg_hub/inst/BSCANID.u_xsdbm_id/CORE_XSDB.UUT_MASTER/U_ICON_INTERFACE/U_CMD6_WR/U_WR_FIFO/SUBCORE_FIFO.xsdbm_v3_0_0_wrfifo_inst/inst_fifo_gen/gconvfifo.rf/grf.rf/rstblk/ngwrdrst.grst.g7serrst.wr_rst_reg_reg[2]/PRE. The LUT may glitch and trigger an unexpected reset, even if it is a properly timed path.
Related violations: <none>

LUTAR-1#5 Warning
LUT drives async reset alert  
LUT cell design_1_i/debug_subsystem/mdm_0/U0/MDM_Core_I1/JTAG_CONTROL_I/sel_n_i_2, with 2 or more inputs, drives asynchronous preset/clear pin(s) design_1_i/debug_subsystem/mdm_0/U0/MDM_Core_I1/JTAG_CONTROL_I/sel_n_reg/PRE. The LUT may glitch and trigger an unexpected reset, even if it is a properly timed path.
Related violations: <none>

LUTAR-1#6 Warning
LUT drives async reset alert  
LUT cell design_1_i/ethernet_subsystem/axis_udp_ethernet_0/inst/sync_reset_inst/m_rst_sync1_reg_i_1, with 2 or more inputs, drives asynchronous preset/clear pin(s) design_1_i/ethernet_subsystem/axis_udp_ethernet_0/inst/core_inst/eth_mac_inst/rx_fifo/fifo_inst/m_rst_sync1_reg_reg/PRE,
design_1_i/ethernet_subsystem/axis_udp_ethernet_0/inst/core_inst/eth_mac_inst/rx_fifo/fifo_inst/m_rst_sync2_reg_reg/PRE,
design_1_i/ethernet_subsystem/axis_udp_ethernet_0/inst/core_inst/eth_mac_inst/rx_fifo/fifo_inst/m_rst_sync3_reg_reg/PRE,
design_1_i/ethernet_subsystem/axis_udp_ethernet_0/inst/core_inst/eth_mac_inst/rx_fifo/fifo_inst/s_rst_sync1_reg_reg/PRE,
design_1_i/ethernet_subsystem/axis_udp_ethernet_0/inst/core_inst/eth_mac_inst/rx_fifo/fifo_inst/s_rst_sync2_reg_reg/PRE,
design_1_i/ethernet_subsystem/axis_udp_ethernet_0/inst/core_inst/eth_mac_inst/rx_fifo/fifo_inst/s_rst_sync3_reg_reg/PRE. The LUT may glitch and trigger an unexpected reset, even if it is a properly timed path.
Related violations: <none>

LUTAR-1#7 Warning
LUT drives async reset alert  
LUT cell design_1_i/ethernet_subsystem/axis_udp_ethernet_0/inst/sync_reset_inst/m_rst_sync2_reg_i_1, with 2 or more inputs, drives asynchronous preset/clear pin(s) design_1_i/ethernet_subsystem/axis_udp_ethernet_0/inst/core_inst/eth_mac_inst/tx_fifo/fifo_inst/m_rst_sync1_reg_reg/PRE,
design_1_i/ethernet_subsystem/axis_udp_ethernet_0/inst/core_inst/eth_mac_inst/tx_fifo/fifo_inst/m_rst_sync2_reg_reg/PRE,
design_1_i/ethernet_subsystem/axis_udp_ethernet_0/inst/core_inst/eth_mac_inst/tx_fifo/fifo_inst/m_rst_sync3_reg_reg/PRE. The LUT may glitch and trigger an unexpected reset, even if it is a properly timed path.
Related violations: <none>

LUTAR-1#8 Warning
LUT drives async reset alert  
LUT cell design_1_i/memory_subsystem/mem_interface/u_design_1_mem_interface_0_mig/u_iodelay_ctrl/rstdiv2_sync_r[11]_i_1, with 2 or more inputs, drives asynchronous preset/clear pin(s) design_1_i/memory_subsystem/mem_interface/u_design_1_mem_interface_0_mig/u_ddr3_infrastructure/rstdiv0_sync_r1_reg_rep/PRE,
design_1_i/memory_subsystem/mem_interface/u_design_1_mem_interface_0_mig/u_ddr3_infrastructure/rstdiv0_sync_r1_reg_rep__0/PRE,
design_1_i/memory_subsystem/mem_interface/u_design_1_mem_interface_0_mig/u_ddr3_infrastructure/rstdiv0_sync_r1_reg_rep__1/PRE,
design_1_i/memory_subsystem/mem_interface/u_design_1_mem_interface_0_mig/u_ddr3_infrastructure/rstdiv0_sync_r1_reg_rep__10/PRE,
design_1_i/memory_subsystem/mem_interface/u_design_1_mem_interface_0_mig/u_ddr3_infrastructure/rstdiv0_sync_r1_reg_rep__11/PRE,
design_1_i/memory_subsystem/mem_interface/u_design_1_mem_interface_0_mig/u_ddr3_infrastructure/rstdiv0_sync_r1_reg_rep__12/PRE,
design_1_i/memory_subsystem/mem_interface/u_design_1_mem_interface_0_mig/u_ddr3_infrastructure/rstdiv0_sync_r1_reg_rep__13/PRE,
design_1_i/memory_subsystem/mem_interface/u_design_1_mem_interface_0_mig/u_ddr3_infrastructure/rstdiv0_sync_r1_reg_rep__14/PRE,
design_1_i/memory_subsystem/mem_interface/u_design_1_mem_interface_0_mig/u_ddr3_infrastructure/rstdiv0_sync_r1_reg_rep__15/PRE,
design_1_i/memory_subsystem/mem_interface/u_design_1_mem_interface_0_mig/u_ddr3_infrastructure/rstdiv0_sync_r1_reg_rep__16/PRE,
design_1_i/memory_subsystem/mem_interface/u_design_1_mem_interface_0_mig/u_ddr3_infrastructure/rstdiv0_sync_r1_reg_rep__17/PRE,
design_1_i/memory_subsystem/mem_interface/u_design_1_mem_interface_0_mig/u_ddr3_infrastructure/rstdiv0_sync_r1_reg_rep__18/PRE,
design_1_i/memory_subsystem/mem_interface/u_design_1_mem_interface_0_mig/u_ddr3_infrastructure/rstdiv0_sync_r1_reg_rep__19/PRE,
design_1_i/memory_subsystem/mem_interface/u_design_1_mem_interface_0_mig/u_ddr3_infrastructure/rstdiv0_sync_r1_reg_rep__2/PRE,
design_1_i/memory_subsystem/mem_interface/u_design_1_mem_interface_0_mig/u_ddr3_infrastructure/rstdiv0_sync_r1_reg_rep__20/PRE (the first 15 of 35 listed). The LUT may glitch and trigger an unexpected reset, even if it is a properly timed path.
Related violations: <none>

LUTAR-1#9 Warning
LUT drives async reset alert  
LUT cell design_1_i/video_subsystem/axi_vdma_0/U0/GEN_SPRT_FOR_MM2S.MM2S_LINEBUFFER_I/GEN_LINEBUF_NO_SOF.GEN_LINEBUFFER.GEN_ASYNC_FIFO.LB_BUILT_IN.I_LINEBUFFER_FIFO/fg_builtin_fifo_inst/inst_fifo_gen/gconvfifo.rf/gbi.bi/g7ser_birst.rstbt/gf36e1_inst.sngfifo36e1_i_2, with 2 or more inputs, drives asynchronous preset/clear pin(s) design_1_i/video_subsystem/axi_vdma_0/U0/GEN_SPRT_FOR_MM2S.MM2S_LINEBUFFER_I/GEN_LINEBUF_NO_SOF.GEN_LINEBUFFER.GEN_ASYNC_FIFO.LB_BUILT_IN.I_LINEBUFFER_FIFO/fg_builtin_fifo_inst/inst_fifo_gen/gconvfifo.rf/gbi.bi/v7_bi_fifo.fblk/gextw[1].gnll_fifo.inst_extd/gonep.inst_prim/gf36e1_inst.sngfifo36e1/RST. The LUT may glitch and trigger an unexpected reset, even if it is a properly timed path.
Related violations: <none>

PDRC-190#1 Warning
Suboptimally placed synchronized register chain  
The FDRE cell dbg_hub/inst/BSCANID.u_xsdbm_id/CORE_XSDB.UUT_MASTER/U_ICON_INTERFACE/U_CMD2/stat_reg_reg[0] in site SLICE_X51Y168 is part of a synchronized register chain that is suboptimally placed as the load FDRE cell dbg_hub/inst/BSCANID.u_xsdbm_id/CORE_XSDB.UUT_MASTER/U_ICON_INTERFACE/U_CMD2/stat_reg_1_reg[0] is not placed in the same (SLICE) site.
Related violations: <none>

PDRC-190#2 Warning
Suboptimally placed synchronized register chain  
The FDRE cell dbg_hub/inst/BSCANID.u_xsdbm_id/CORE_XSDB.UUT_MASTER/U_ICON_INTERFACE/U_CMD2/stat_reg_reg[1] in site SLICE_X51Y171 is part of a synchronized register chain that is suboptimally placed as the load FDRE cell dbg_hub/inst/BSCANID.u_xsdbm_id/CORE_XSDB.UUT_MASTER/U_ICON_INTERFACE/U_CMD2/stat_reg_1_reg[1] is not placed in the same (SLICE) site.
Related violations: <none>

PDRC-190#3 Warning
Suboptimally placed synchronized register chain  
The FDRE cell dbg_hub/inst/BSCANID.u_xsdbm_id/CORE_XSDB.UUT_MASTER/U_ICON_INTERFACE/U_CMD2/stat_reg_reg[2] in site SLICE_X50Y170 is part of a synchronized register chain that is suboptimally placed as the load FDRE cell dbg_hub/inst/BSCANID.u_xsdbm_id/CORE_XSDB.UUT_MASTER/U_ICON_INTERFACE/U_CMD2/stat_reg_1_reg[2] is not placed in the same (SLICE) site.
Related violations: <none>

PDRC-190#4 Warning
Suboptimally placed synchronized register chain  
The FDRE cell dbg_hub/inst/BSCANID.u_xsdbm_id/CORE_XSDB.UUT_MASTER/U_ICON_INTERFACE/U_CMD2/stat_reg_reg[3] in site SLICE_X52Y171 is part of a synchronized register chain that is suboptimally placed as the load FDRE cell dbg_hub/inst/BSCANID.u_xsdbm_id/CORE_XSDB.UUT_MASTER/U_ICON_INTERFACE/U_CMD2/stat_reg_1_reg[3] is not placed in the same (SLICE) site.
Related violations: <none>

PDRC-190#5 Warning
Suboptimally placed synchronized register chain  
The FDRE cell dbg_hub/inst/BSCANID.u_xsdbm_id/CORE_XSDB.UUT_MASTER/U_ICON_INTERFACE/U_CMD3/stat_reg_reg[0] in site SLICE_X52Y169 is part of a synchronized register chain that is suboptimally placed as the load FDRE cell dbg_hub/inst/BSCANID.u_xsdbm_id/CORE_XSDB.UUT_MASTER/U_ICON_INTERFACE/U_CMD3/stat_reg_1_reg[0] is not placed in the same (SLICE) site.
Related violations: <none>

PDRC-190#6 Warning
Suboptimally placed synchronized register chain  
The FDRE cell dbg_hub/inst/BSCANID.u_xsdbm_id/CORE_XSDB.UUT_MASTER/U_ICON_INTERFACE/U_CMD3/stat_reg_reg[1] in site SLICE_X53Y169 is part of a synchronized register chain that is suboptimally placed as the load FDRE cell dbg_hub/inst/BSCANID.u_xsdbm_id/CORE_XSDB.UUT_MASTER/U_ICON_INTERFACE/U_CMD3/stat_reg_1_reg[1] is not placed in the same (SLICE) site.
Related violations: <none>

PDRC-190#7 Warning
Suboptimally placed synchronized register chain  
The FDRE cell dbg_hub/inst/BSCANID.u_xsdbm_id/CORE_XSDB.UUT_MASTER/U_ICON_INTERFACE/U_CMD3/stat_reg_reg[2] in site SLICE_X55Y170 is part of a synchronized register chain that is suboptimally placed as the load FDRE cell dbg_hub/inst/BSCANID.u_xsdbm_id/CORE_XSDB.UUT_MASTER/U_ICON_INTERFACE/U_CMD3/stat_reg_1_reg[2] is not placed in the same (SLICE) site.
Related violations: <none>

PDRC-190#8 Warning
Suboptimally placed synchronized register chain  
The FDRE cell dbg_hub/inst/BSCANID.u_xsdbm_id/CORE_XSDB.UUT_MASTER/U_ICON_INTERFACE/U_CMD7_STAT/stat_reg_reg[0] in site SLICE_X54Y170 is part of a synchronized register chain that is suboptimally placed as the load FDRE cell dbg_hub/inst/BSCANID.u_xsdbm_id/CORE_XSDB.UUT_MASTER/U_ICON_INTERFACE/U_CMD7_STAT/stat_reg_1_reg[0] is not placed in the same (SLICE) site.
Related violations: <none>

PDRC-190#9 Warning
Suboptimally placed synchronized register chain  
The FDRE cell dbg_hub/inst/BSCANID.u_xsdbm_id/CORE_XSDB.UUT_MASTER/U_ICON_INTERFACE/U_CMD7_STAT/stat_reg_reg[1] in site SLICE_X48Y170 is part of a synchronized register chain that is suboptimally placed as the load FDRE cell dbg_hub/inst/BSCANID.u_xsdbm_id/CORE_XSDB.UUT_MASTER/U_ICON_INTERFACE/U_CMD7_STAT/stat_reg_1_reg[1] is not placed in the same (SLICE) site.
Related violations: <none>

PDRC-190#10 Warning
Suboptimally placed synchronized register chain  
The FDRE cell dbg_hub/inst/BSCANID.u_xsdbm_id/CORE_XSDB.UUT_MASTER/U_ICON_INTERFACE/U_CMD7_STAT/stat_reg_reg[2] in site SLICE_X49Y170 is part of a synchronized register chain that is suboptimally placed as the load FDRE cell dbg_hub/inst/BSCANID.u_xsdbm_id/CORE_XSDB.UUT_MASTER/U_ICON_INTERFACE/U_CMD7_STAT/stat_reg_1_reg[2] is not placed in the same (SLICE) site.
Related violations: <none>

PDRC-190#11 Warning
Suboptimally placed synchronized register chain  
The FDRE cell design_1_i/memory_subsystem/mem_interface/u_design_1_mem_interface_0_mig/temp_mon_enabled.u_tempmon/device_temp_sync_r5_reg[0] in site SLICE_X37Y173 is part of a synchronized register chain that is suboptimally placed as the load FDRE cell design_1_i/memory_subsystem/mem_interface/u_design_1_mem_interface_0_mig/temp_mon_enabled.u_tempmon/device_temp_r_reg[0] is not placed in the same (SLICE) site.
Related violations: <none>

PDRC-190#12 Warning
Suboptimally placed synchronized register chain  
The FDRE cell design_1_i/memory_subsystem/mem_interface/u_design_1_mem_interface_0_mig/temp_mon_enabled.u_tempmon/device_temp_sync_r5_reg[10] in site SLICE_X44Y174 is part of a synchronized register chain that is suboptimally placed as the load FDRE cell design_1_i/memory_subsystem/mem_interface/u_design_1_mem_interface_0_mig/temp_mon_enabled.u_tempmon/device_temp_r_reg[10] is not placed in the same (SLICE) site.
Related violations: <none>

PDRC-190#13 Warning
Suboptimally placed synchronized register chain  
The FDRE cell design_1_i/memory_subsystem/mem_interface/u_design_1_mem_interface_0_mig/temp_mon_enabled.u_tempmon/device_temp_sync_r5_reg[11] in site SLICE_X38Y177 is part of a synchronized register chain that is suboptimally placed as the load FDRE cell design_1_i/memory_subsystem/mem_interface/u_design_1_mem_interface_0_mig/temp_mon_enabled.u_tempmon/device_temp_r_reg[11] is not placed in the same (SLICE) site.
Related violations: <none>

PDRC-190#14 Warning
Suboptimally placed synchronized register chain  
The FDRE cell design_1_i/memory_subsystem/mem_interface/u_design_1_mem_interface_0_mig/temp_mon_enabled.u_tempmon/device_temp_sync_r5_reg[1] in site SLICE_X42Y174 is part of a synchronized register chain that is suboptimally placed as the load FDRE cell design_1_i/memory_subsystem/mem_interface/u_design_1_mem_interface_0_mig/temp_mon_enabled.u_tempmon/device_temp_r_reg[1] is not placed in the same (SLICE) site.
Related violations: <none>

PDRC-190#15 Warning
Suboptimally placed synchronized register chain  
The FDRE cell design_1_i/memory_subsystem/mem_interface/u_design_1_mem_interface_0_mig/temp_mon_enabled.u_tempmon/device_temp_sync_r5_reg[2] in site SLICE_X38Y173 is part of a synchronized register chain that is suboptimally placed as the load FDRE cell design_1_i/memory_subsystem/mem_interface/u_design_1_mem_interface_0_mig/temp_mon_enabled.u_tempmon/device_temp_r_reg[2] is not placed in the same (SLICE) site.
Related violations: <none>

PDRC-190#16 Warning
Suboptimally placed synchronized register chain  
The FDRE cell design_1_i/memory_subsystem/mem_interface/u_design_1_mem_interface_0_mig/temp_mon_enabled.u_tempmon/device_temp_sync_r5_reg[3] in site SLICE_X41Y174 is part of a synchronized register chain that is suboptimally placed as the load FDRE cell design_1_i/memory_subsystem/mem_interface/u_design_1_mem_interface_0_mig/temp_mon_enabled.u_tempmon/device_temp_r_reg[3] is not placed in the same (SLICE) site.
Related violations: <none>

PDRC-190#17 Warning
Suboptimally placed synchronized register chain  
The FDRE cell design_1_i/memory_subsystem/mem_interface/u_design_1_mem_interface_0_mig/temp_mon_enabled.u_tempmon/device_temp_sync_r5_reg[4] in site SLICE_X39Y174 is part of a synchronized register chain that is suboptimally placed as the load FDRE cell design_1_i/memory_subsystem/mem_interface/u_design_1_mem_interface_0_mig/temp_mon_enabled.u_tempmon/device_temp_r_reg[4] is not placed in the same (SLICE) site.
Related violations: <none>

PDRC-190#18 Warning
Suboptimally placed synchronized register chain  
The FDRE cell design_1_i/memory_subsystem/mem_interface/u_design_1_mem_interface_0_mig/temp_mon_enabled.u_tempmon/device_temp_sync_r5_reg[5] in site SLICE_X36Y174 is part of a synchronized register chain that is suboptimally placed as the load FDRE cell design_1_i/memory_subsystem/mem_interface/u_design_1_mem_interface_0_mig/temp_mon_enabled.u_tempmon/device_temp_r_reg[5] is not placed in the same (SLICE) site.
Related violations: <none>

PDRC-190#19 Warning
Suboptimally placed synchronized register chain  
The FDRE cell design_1_i/memory_subsystem/mem_interface/u_design_1_mem_interface_0_mig/temp_mon_enabled.u_tempmon/device_temp_sync_r5_reg[6] in site SLICE_X40Y174 is part of a synchronized register chain that is suboptimally placed as the load FDRE cell design_1_i/memory_subsystem/mem_interface/u_design_1_mem_interface_0_mig/temp_mon_enabled.u_tempmon/device_temp_r_reg[6] is not placed in the same (SLICE) site.
Related violations: <none>

PDRC-190#20 Warning
Suboptimally placed synchronized register chain  
The FDRE cell design_1_i/memory_subsystem/mem_interface/u_design_1_mem_interface_0_mig/temp_mon_enabled.u_tempmon/device_temp_sync_r5_reg[7] in site SLICE_X37Y175 is part of a synchronized register chain that is suboptimally placed as the load FDRE cell design_1_i/memory_subsystem/mem_interface/u_design_1_mem_interface_0_mig/temp_mon_enabled.u_tempmon/device_temp_r_reg[7] is not placed in the same (SLICE) site.
Related violations: <none>

PDRC-190#21 Warning
Suboptimally placed synchronized register chain  
The FDRE cell design_1_i/memory_subsystem/mem_interface/u_design_1_mem_interface_0_mig/temp_mon_enabled.u_tempmon/device_temp_sync_r5_reg[8] in site SLICE_X38Y175 is part of a synchronized register chain that is suboptimally placed as the load FDRE cell design_1_i/memory_subsystem/mem_interface/u_design_1_mem_interface_0_mig/temp_mon_enabled.u_tempmon/device_temp_r_reg[8] is not placed in the same (SLICE) site.
Related violations: <none>

PDRC-190#22 Warning
Suboptimally placed synchronized register chain  
The FDRE cell design_1_i/memory_subsystem/mem_interface/u_design_1_mem_interface_0_mig/temp_mon_enabled.u_tempmon/device_temp_sync_r5_reg[9] in site SLICE_X39Y177 is part of a synchronized register chain that is suboptimally placed as the load FDRE cell design_1_i/memory_subsystem/mem_interface/u_design_1_mem_interface_0_mig/temp_mon_enabled.u_tempmon/device_temp_r_reg[9] is not placed in the same (SLICE) site.
Related violations: <none>

TIMING-9#1 Warning
Unknown CDC Logic  
One or more asynchronous Clock Domain Crossing has been detected between 2 clock domains through a set_false_path or a set_clock_groups or set_max_delay -datapath_only constraint but no double-registers logic synchronizer has been found on the side of the capture clock. It is recommended to run report_cdc for a complete and detailed CDC coverage. Please consider using XPM_CDC to avoid Critical severities
Related violations: <none>

TIMING-11#1 Warning
Inappropriate max delay with datapath only option  
A max delay constraint with -datapath_only has been applied between design_1_i/ethernet_subsystem/axis_udp_ethernet_0/inst/core_inst/eth_mac_inst/eth_mac_1g_rgmii_inst/rgmii_phy_if_inst/rgmii_tx_clk_1_reg/C and design_1_i/ethernet_subsystem/axis_udp_ethernet_0/inst/core_inst/eth_mac_inst/eth_mac_1g_rgmii_inst/rgmii_phy_if_inst/clk_oddr_inst/oddr[0].oddr_inst/D1. The startpoint(s) and endpoint(s) either belong to the same clock domain or belong to two clock domains that can safely be timed together (without valid synchronizer). It is only recommended to use the -datapath_only option on paths between clocks that do not have a known phase relationship. This DRC is waived when a synchronizer is found on the path endpoint
Related violations: <none>

TIMING-11#2 Warning
Inappropriate max delay with datapath only option  
A max delay constraint with -datapath_only has been applied between design_1_i/ethernet_subsystem/axis_udp_ethernet_0/inst/core_inst/eth_mac_inst/eth_mac_1g_rgmii_inst/rgmii_phy_if_inst/rgmii_tx_clk_2_reg/C and design_1_i/ethernet_subsystem/axis_udp_ethernet_0/inst/core_inst/eth_mac_inst/eth_mac_1g_rgmii_inst/rgmii_phy_if_inst/clk_oddr_inst/oddr[0].oddr_inst/D2. The startpoint(s) and endpoint(s) either belong to the same clock domain or belong to two clock domains that can safely be timed together (without valid synchronizer). It is only recommended to use the -datapath_only option on paths between clocks that do not have a known phase relationship. This DRC is waived when a synchronizer is found on the path endpoint
Related violations: <none>

TIMING-18#1 Warning
Missing input or output delay  
An input delay is missing on RGMII_eth_phy_rx_ctl relative to clock(s) phy_rx_clk
Related violations: <none>

TIMING-18#2 Warning
Missing input or output delay  
An input delay is missing on RGMII_eth_phy_rxd[0] relative to clock(s) phy_rx_clk
Related violations: <none>

TIMING-18#3 Warning
Missing input or output delay  
An input delay is missing on RGMII_eth_phy_rxd[1] relative to clock(s) phy_rx_clk
Related violations: <none>

TIMING-18#4 Warning
Missing input or output delay  
An input delay is missing on RGMII_eth_phy_rxd[2] relative to clock(s) phy_rx_clk
Related violations: <none>

TIMING-18#5 Warning
Missing input or output delay  
An input delay is missing on RGMII_eth_phy_rxd[3] relative to clock(s) phy_rx_clk
Related violations: <none>

TIMING-18#6 Warning
Missing input or output delay  
An input delay is missing on reset relative to clock(s) sys_clk_i
Related violations: <none>

TIMING-18#7 Warning
Missing input or output delay  
An input delay is missing on usb_uart_rxd relative to clock(s) sys_clk_i
Related violations: <none>

TIMING-18#8 Warning
Missing input or output delay  
An output delay is missing on DDR3_reset_n relative to clock(s) sys_clk_i
Related violations: <none>

TIMING-18#9 Warning
Missing input or output delay  
An output delay is missing on usb_uart_txd relative to clock(s) sys_clk_i
Related violations: <none>

XDCB-5#1 Warning
Runtime inefficient way to find pin objects  
The option '-through : [get_pins -filter {NAME =~ *SyncAsync*/oSyncStages_reg[0]/D} -hier]' of constraint 'set_false_path' uses inefficient query to find pin objects (see constraint position '88' in the Timing Constraint window in Vivado IDE). To reduce runtime, it is recommended to get the pins through the cell objects. Please refer to Using Constraints Guide (Constraints Efficiency). An example of optimal query is: get_pins -filter {REF_PIN_NAME=~yy*} -of_objects [get_cells -hierarchical xx*].
Current XDC: u:/cpre480/SGP/hw/proj/sgp_system.srcs/sources_1/bd/design_1/ip/design_1_rgb2dvi_0_0/src/rgb2dvi.xdc (Line: 5)
Related violations: <none>

XDCB-5#2 Warning
Runtime inefficient way to find pin objects  
The option '-to : [get_pins -hier -include_replicated_objects -filter {NAME =~ *temp_mon_enabled.u_tempmon/device_temp_sync_r1_reg[*]/D}]' of constraint 'set_max_delay' uses inefficient query to find pin objects (see constraint position '75' in the Timing Constraint window in Vivado IDE). To reduce runtime, it is recommended to get the pins through the cell objects. Please refer to Using Constraints Guide (Constraints Efficiency). An example of optimal query is: get_pins -filter {REF_PIN_NAME=~yy*} -of_objects [get_cells -hierarchical xx*].
Current XDC: u:/cpre480/SGP/hw/proj/sgp_system.srcs/sources_1/bd/design_1/ip/design_1_mem_interface_0/design_1_mem_interface_0/user_design/constraints/design_1_mem_interface_0.xdc (Line: 371)
Related violations: <none>

XDCB-5#3 Warning
Runtime inefficient way to find pin objects  
The option '-to : [get_pins -hierarchical -filter {NAME =~*axi_vdma_0*MM2S*LB_BUILT_IN*/*rstbt*/*PRE}]' of constraint 'set_false_path' uses inefficient query to find pin objects (see constraint position '120' in the Timing Constraint window in Vivado IDE). To reduce runtime, it is recommended to get the pins through the cell objects. Please refer to Using Constraints Guide (Constraints Efficiency). An example of optimal query is: get_pins -filter {REF_PIN_NAME=~yy*} -of_objects [get_cells -hierarchical xx*].
Current XDC: U:/cpre480/SGP/hw/constrs/vdma_timing_workaround.xdc (Line: 5)
Related violations: <none>

XDCC-1#1 Warning
Scoped Clock constraint overwritten with the same name  
A new clock constraint create_clock overrides a previous scoped clock constraint with the same name. It is not recommended to override a scoped (typically an IP) clock constraint and could result in unexpected behaviors.
New: create_clock -period 10.000 -name sys_clk_i -waveform {0.000 5.000} -add [get_ports sys_clk_i] (Source: U:/cpre480/SGP/hw/constrs/NexysVideo_Master.xdc (Line: 9))
Previous: create_clock -period 10.000 [get_ports sys_clk_i] (Source: u:/cpre480/SGP/hw/proj/sgp_system.srcs/sources_1/bd/design_1/ip/design_1_mem_interface_0/design_1_mem_interface_0/user_design/constraints/design_1_mem_interface_0.xdc (Line: 30))
Related violations: <none>

XDCC-2#1 Warning
Scoped Non-Timing constraint/property overwritten  
A new XDC property IOSTANDARD on sys_clk_i overrides a previous scoped property. It is not recommended to override a scoped (typically an IP) property and could result in unexpected behaviours.
New Source: U:/cpre480/SGP/hw/constrs/NexysVideo_Master.xdc (Line: 8)
Previous Source: u:/cpre480/SGP/hw/proj/sgp_system.srcs/sources_1/bd/design_1/ip/design_1_mem_interface_0/design_1_mem_interface_0/user_design/constraints/design_1_mem_interface_0.xdc (Line: 275)
Related violations: <none>

REQP-1959#1 Advisory
connects_SERDES_RST_driver_not_FF  
design_1_i/memory_subsystem/mem_interface/u_design_1_mem_interface_0_mig/u_memc_ui_top_axi/mem_intfc0/ddr_phy_top0/u_ddr_mc_phy_wrapper/u_ddr_mc_phy/ddr_phy_4lanes_0.u_ddr_phy_4lanes/ddr_byte_lane_C.ddr_byte_lane_C/ddr_byte_group_io/input_[1].iserdes_dq_.iserdesdq: The RST pin should only be driven by a Flip-flop.
Related violations: <none>

REQP-1959#2 Advisory
connects_SERDES_RST_driver_not_FF  
design_1_i/memory_subsystem/mem_interface/u_design_1_mem_interface_0_mig/u_memc_ui_top_axi/mem_intfc0/ddr_phy_top0/u_ddr_mc_phy_wrapper/u_ddr_mc_phy/ddr_phy_4lanes_0.u_ddr_phy_4lanes/ddr_byte_lane_C.ddr_byte_lane_C/ddr_byte_group_io/input_[3].iserdes_dq_.iserdesdq: The RST pin should only be driven by a Flip-flop.
Related violations: <none>

REQP-1959#3 Advisory
connects_SERDES_RST_driver_not_FF  
design_1_i/memory_subsystem/mem_interface/u_design_1_mem_interface_0_mig/u_memc_ui_top_axi/mem_intfc0/ddr_phy_top0/u_ddr_mc_phy_wrapper/u_ddr_mc_phy/ddr_phy_4lanes_0.u_ddr_phy_4lanes/ddr_byte_lane_C.ddr_byte_lane_C/ddr_byte_group_io/input_[4].iserdes_dq_.iserdesdq: The RST pin should only be driven by a Flip-flop.
Related violations: <none>

REQP-1959#4 Advisory
connects_SERDES_RST_driver_not_FF  
design_1_i/memory_subsystem/mem_interface/u_design_1_mem_interface_0_mig/u_memc_ui_top_axi/mem_intfc0/ddr_phy_top0/u_ddr_mc_phy_wrapper/u_ddr_mc_phy/ddr_phy_4lanes_0.u_ddr_phy_4lanes/ddr_byte_lane_C.ddr_byte_lane_C/ddr_byte_group_io/input_[5].iserdes_dq_.iserdesdq: The RST pin should only be driven by a Flip-flop.
Related violations: <none>

REQP-1959#5 Advisory
connects_SERDES_RST_driver_not_FF  
design_1_i/memory_subsystem/mem_interface/u_design_1_mem_interface_0_mig/u_memc_ui_top_axi/mem_intfc0/ddr_phy_top0/u_ddr_mc_phy_wrapper/u_ddr_mc_phy/ddr_phy_4lanes_0.u_ddr_phy_4lanes/ddr_byte_lane_C.ddr_byte_lane_C/ddr_byte_group_io/input_[6].iserdes_dq_.iserdesdq: The RST pin should only be driven by a Flip-flop.
Related violations: <none>

REQP-1959#6 Advisory
connects_SERDES_RST_driver_not_FF  
design_1_i/memory_subsystem/mem_interface/u_design_1_mem_interface_0_mig/u_memc_ui_top_axi/mem_intfc0/ddr_phy_top0/u_ddr_mc_phy_wrapper/u_ddr_mc_phy/ddr_phy_4lanes_0.u_ddr_phy_4lanes/ddr_byte_lane_C.ddr_byte_lane_C/ddr_byte_group_io/input_[7].iserdes_dq_.iserdesdq: The RST pin should only be driven by a Flip-flop.
Related violations: <none>

REQP-1959#7 Advisory
connects_SERDES_RST_driver_not_FF  
design_1_i/memory_subsystem/mem_interface/u_design_1_mem_interface_0_mig/u_memc_ui_top_axi/mem_intfc0/ddr_phy_top0/u_ddr_mc_phy_wrapper/u_ddr_mc_phy/ddr_phy_4lanes_0.u_ddr_phy_4lanes/ddr_byte_lane_C.ddr_byte_lane_C/ddr_byte_group_io/input_[8].iserdes_dq_.iserdesdq: The RST pin should only be driven by a Flip-flop.
Related violations: <none>

REQP-1959#8 Advisory
connects_SERDES_RST_driver_not_FF  
design_1_i/memory_subsystem/mem_interface/u_design_1_mem_interface_0_mig/u_memc_ui_top_axi/mem_intfc0/ddr_phy_top0/u_ddr_mc_phy_wrapper/u_ddr_mc_phy/ddr_phy_4lanes_0.u_ddr_phy_4lanes/ddr_byte_lane_C.ddr_byte_lane_C/ddr_byte_group_io/input_[9].iserdes_dq_.iserdesdq: The RST pin should only be driven by a Flip-flop.
Related violations: <none>

REQP-1959#9 Advisory
connects_SERDES_RST_driver_not_FF  
design_1_i/memory_subsystem/mem_interface/u_design_1_mem_interface_0_mig/u_memc_ui_top_axi/mem_intfc0/ddr_phy_top0/u_ddr_mc_phy_wrapper/u_ddr_mc_phy/ddr_phy_4lanes_0.u_ddr_phy_4lanes/ddr_byte_lane_D.ddr_byte_lane_D/ddr_byte_group_io/input_[0].iserdes_dq_.iserdesdq: The RST pin should only be driven by a Flip-flop.
Related violations: <none>

REQP-1959#10 Advisory
connects_SERDES_RST_driver_not_FF  
design_1_i/memory_subsystem/mem_interface/u_design_1_mem_interface_0_mig/u_memc_ui_top_axi/mem_intfc0/ddr_phy_top0/u_ddr_mc_phy_wrapper/u_ddr_mc_phy/ddr_phy_4lanes_0.u_ddr_phy_4lanes/ddr_byte_lane_D.ddr_byte_lane_D/ddr_byte_group_io/input_[1].iserdes_dq_.iserdesdq: The RST pin should only be driven by a Flip-flop.
Related violations: <none>

REQP-1959#11 Advisory
connects_SERDES_RST_driver_not_FF  
design_1_i/memory_subsystem/mem_interface/u_design_1_mem_interface_0_mig/u_memc_ui_top_axi/mem_intfc0/ddr_phy_top0/u_ddr_mc_phy_wrapper/u_ddr_mc_phy/ddr_phy_4lanes_0.u_ddr_phy_4lanes/ddr_byte_lane_D.ddr_byte_lane_D/ddr_byte_group_io/input_[4].iserdes_dq_.iserdesdq: The RST pin should only be driven by a Flip-flop.
Related violations: <none>

REQP-1959#12 Advisory
connects_SERDES_RST_driver_not_FF  
design_1_i/memory_subsystem/mem_interface/u_design_1_mem_interface_0_mig/u_memc_ui_top_axi/mem_intfc0/ddr_phy_top0/u_ddr_mc_phy_wrapper/u_ddr_mc_phy/ddr_phy_4lanes_0.u_ddr_phy_4lanes/ddr_byte_lane_D.ddr_byte_lane_D/ddr_byte_group_io/input_[5].iserdes_dq_.iserdesdq: The RST pin should only be driven by a Flip-flop.
Related violations: <none>

REQP-1959#13 Advisory
connects_SERDES_RST_driver_not_FF  
design_1_i/memory_subsystem/mem_interface/u_design_1_mem_interface_0_mig/u_memc_ui_top_axi/mem_intfc0/ddr_phy_top0/u_ddr_mc_phy_wrapper/u_ddr_mc_phy/ddr_phy_4lanes_0.u_ddr_phy_4lanes/ddr_byte_lane_D.ddr_byte_lane_D/ddr_byte_group_io/input_[6].iserdes_dq_.iserdesdq: The RST pin should only be driven by a Flip-flop.
Related violations: <none>

REQP-1959#14 Advisory
connects_SERDES_RST_driver_not_FF  
design_1_i/memory_subsystem/mem_interface/u_design_1_mem_interface_0_mig/u_memc_ui_top_axi/mem_intfc0/ddr_phy_top0/u_ddr_mc_phy_wrapper/u_ddr_mc_phy/ddr_phy_4lanes_0.u_ddr_phy_4lanes/ddr_byte_lane_D.ddr_byte_lane_D/ddr_byte_group_io/input_[7].iserdes_dq_.iserdesdq: The RST pin should only be driven by a Flip-flop.
Related violations: <none>

REQP-1959#15 Advisory
connects_SERDES_RST_driver_not_FF  
design_1_i/memory_subsystem/mem_interface/u_design_1_mem_interface_0_mig/u_memc_ui_top_axi/mem_intfc0/ddr_phy_top0/u_ddr_mc_phy_wrapper/u_ddr_mc_phy/ddr_phy_4lanes_0.u_ddr_phy_4lanes/ddr_byte_lane_D.ddr_byte_lane_D/ddr_byte_group_io/input_[8].iserdes_dq_.iserdesdq: The RST pin should only be driven by a Flip-flop.
Related violations: <none>

REQP-1959#16 Advisory
connects_SERDES_RST_driver_not_FF  
design_1_i/memory_subsystem/mem_interface/u_design_1_mem_interface_0_mig/u_memc_ui_top_axi/mem_intfc0/ddr_phy_top0/u_ddr_mc_phy_wrapper/u_ddr_mc_phy/ddr_phy_4lanes_0.u_ddr_phy_4lanes/ddr_byte_lane_D.ddr_byte_lane_D/ddr_byte_group_io/input_[9].iserdes_dq_.iserdesdq: The RST pin should only be driven by a Flip-flop.
Related violations: <none>


