
*** Running vivado
    with args -log sgp_viewPort.vds -m64 -product Vivado -mode batch -messageDb vivado.pb -notrace -source sgp_viewPort.tcl



****** Vivado v2020.1 (64-bit)
  **** SW Build 2902540 on Wed May 27 19:54:49 MDT 2020
  **** IP Build 2902112 on Wed May 27 22:43:36 MDT 2020
    ** Copyright 1986-2020 Xilinx, Inc. All Rights Reserved.

source sgp_viewPort.tcl -notrace
INFO: [IP_Flow 19-234] Refreshing IP repositories
INFO: [IP_Flow 19-1700] Loaded user IP repository 'u:/cpre480/MP-1/hw/ip'.
WARNING: [IP_Flow 19-3656] If you move the project, the path for repository 'u:/cpre480/MP-1/hw/ip' may become invalid. A better location for the repository would be in a path adjacent to the project. (Current project location is 'u:/cpre480/MP-1/hw/ip/sgp_viewPort/proj/sgp_viewPort.runs/synth_1'.)
INFO: [IP_Flow 19-2313] Loaded Vivado IP repository 'C:/Xilinx/Vivado/2020.1/data/ip'.
Command: synth_design -top sgp_viewPort -part xc7a200tsbg484-1
Starting synth_design
Attempting to get a license for feature 'Synthesis' and/or device 'xc7a200t'
INFO: [Common 17-349] Got license for feature 'Synthesis' and/or device 'xc7a200t'
INFO: [Synth 8-7079] Multithreading enabled for synth_design using a maximum of 2 processes.
INFO: [Synth 8-7078] Launching helper process for spawning children vivado processes
INFO: [Synth 8-7075] Helper process launched with PID 6996
---------------------------------------------------------------------------------
Starting Synthesize : Time (s): cpu = 00:00:04 ; elapsed = 00:00:04 . Memory (MB): peak = 1073.660 ; gain = 0.000
---------------------------------------------------------------------------------
INFO: [Synth 8-638] synthesizing module 'sgp_viewPort' [U:/cpre480/MP-1/hw/ip/sgp_viewPort/src/sgp_viewPort.vhd:76]
	Parameter C_S_AXI_DATA_WIDTH bound to: 32 - type: integer 
	Parameter C_S_AXI_ADDR_WIDTH bound to: 10 - type: integer 
	Parameter C_NUM_VERTEX_ATTRIB bound to: 4 - type: integer 
	Parameter C_S_AXI_DATA_WIDTH bound to: 32 - type: integer 
	Parameter C_S_AXI_ADDR_WIDTH bound to: 10 - type: integer 
INFO: [Synth 8-3491] module 'sgp_viewPort_axi_lite_regs' declared at 'U:/cpre480/MP-1/hw/ip/sgp_viewPort/src/sgp_viewPort_axi_lite_regs.vhd:5' bound to instance 'sgp_viewPort_axi_lite_regs_inst' of component 'sgp_viewPort_axi_lite_regs' [U:/cpre480/MP-1/hw/ip/sgp_viewPort/src/sgp_viewPort.vhd:149]
INFO: [Synth 8-638] synthesizing module 'sgp_viewPort_axi_lite_regs' [U:/cpre480/MP-1/hw/ip/sgp_viewPort/src/sgp_viewPort_axi_lite_regs.vhd:93]
	Parameter C_S_AXI_DATA_WIDTH bound to: 32 - type: integer 
	Parameter C_S_AXI_ADDR_WIDTH bound to: 10 - type: integer 
INFO: [Synth 8-256] done synthesizing module 'sgp_viewPort_axi_lite_regs' (1#1) [U:/cpre480/MP-1/hw/ip/sgp_viewPort/src/sgp_viewPort_axi_lite_regs.vhd:93]
INFO: [Synth 8-256] done synthesizing module 'sgp_viewPort' (2#1) [U:/cpre480/MP-1/hw/ip/sgp_viewPort/src/sgp_viewPort.vhd:76]
---------------------------------------------------------------------------------
Finished Synthesize : Time (s): cpu = 00:00:06 ; elapsed = 00:00:06 . Memory (MB): peak = 1073.660 ; gain = 0.000
---------------------------------------------------------------------------------
---------------------------------------------------------------------------------
Finished Constraint Validation : Time (s): cpu = 00:00:06 ; elapsed = 00:00:07 . Memory (MB): peak = 1073.660 ; gain = 0.000
---------------------------------------------------------------------------------
---------------------------------------------------------------------------------
Start Loading Part and Timing Information
---------------------------------------------------------------------------------
Loading part: xc7a200tsbg484-1
---------------------------------------------------------------------------------
Finished Loading Part and Timing Information : Time (s): cpu = 00:00:06 ; elapsed = 00:00:07 . Memory (MB): peak = 1073.660 ; gain = 0.000
INFO: [Device 21-403] Loading part xc7a200tsbg484-1
---------------------------------------------------------------------------------
INFO: [Synth 8-802] inferred FSM for state register 'state_reg' in module 'sgp_viewPort'
---------------------------------------------------------------------------------------------------
                   State |                     New Encoding |                Previous Encoding 
---------------------------------------------------------------------------------------------------
         wait_for_vertex |                              000 |                              000
              calc_xmult |                              001 |                              001
              calc_ymult |                              010 |                              010
           calc_vpcoords |                              011 |                              011
            vertex_write |                              100 |                              100
---------------------------------------------------------------------------------------------------
INFO: [Synth 8-3354] encoded FSM with state register 'state_reg' using encoding 'sequential' in module 'sgp_viewPort'
---------------------------------------------------------------------------------
Finished RTL Optimization Phase 2 : Time (s): cpu = 00:00:07 ; elapsed = 00:00:08 . Memory (MB): peak = 1073.660 ; gain = 0.000
---------------------------------------------------------------------------------
No constraint files found.
---------------------------------------------------------------------------------
Start RTL Component Statistics 
---------------------------------------------------------------------------------
Detailed RTL Component Info : 
+---Adders : 
	   2 Input   32 Bit       Adders := 2     
+---Registers : 
	              448 Bit    Registers := 1     
	               64 Bit    Registers := 2     
	               32 Bit    Registers := 20    
	               10 Bit    Registers := 2     
	                2 Bit    Registers := 2     
	                1 Bit    Registers := 6     
+---Multipliers : 
	              32x32  Multipliers := 2     
+---Muxes : 
	   2 Input   32 Bit        Muxes := 31    
	  16 Input   32 Bit        Muxes := 15    
	   5 Input    3 Bit        Muxes := 1     
	   2 Input    1 Bit        Muxes := 7     
	   5 Input    1 Bit        Muxes := 5     
---------------------------------------------------------------------------------
Finished RTL Component Statistics 
---------------------------------------------------------------------------------
---------------------------------------------------------------------------------
Start Part Resource Summary
---------------------------------------------------------------------------------
Part Resources:
DSPs: 740 (col length:100)
BRAMs: 730 (col length: RAMB18 100 RAMB36 50)
---------------------------------------------------------------------------------
Finished Part Resource Summary
---------------------------------------------------------------------------------
No constraint files found.
---------------------------------------------------------------------------------
Start Cross Boundary and Area Optimization
---------------------------------------------------------------------------------
DSP Report: Generating DSP viewport_xmult0, operation Mode is: A2*B.
DSP Report: register viewport_xmult0 is absorbed into DSP viewport_xmult0.
DSP Report: operator viewport_xmult0 is absorbed into DSP viewport_xmult0.
DSP Report: operator viewport_xmult0 is absorbed into DSP viewport_xmult0.
DSP Report: Generating DSP viewport_xmult_reg, operation Mode is: (PCIN>>17)+A*B2.
DSP Report: register x_ndc_coords_reg is absorbed into DSP viewport_xmult_reg.
DSP Report: register viewport_xmult_reg is absorbed into DSP viewport_xmult_reg.
DSP Report: operator viewport_xmult0 is absorbed into DSP viewport_xmult_reg.
DSP Report: operator viewport_xmult0 is absorbed into DSP viewport_xmult_reg.
DSP Report: Generating DSP viewport_xmult0, operation Mode is: A*B2.
DSP Report: register viewport_xmult0 is absorbed into DSP viewport_xmult0.
DSP Report: operator viewport_xmult0 is absorbed into DSP viewport_xmult0.
DSP Report: operator viewport_xmult0 is absorbed into DSP viewport_xmult0.
DSP Report: Generating DSP viewport_xmult_reg, operation Mode is: (PCIN>>17)+A*B2.
DSP Report: register x_ndc_coords_reg is absorbed into DSP viewport_xmult_reg.
DSP Report: register viewport_xmult_reg is absorbed into DSP viewport_xmult_reg.
DSP Report: operator viewport_xmult0 is absorbed into DSP viewport_xmult_reg.
DSP Report: operator viewport_xmult0 is absorbed into DSP viewport_xmult_reg.
DSP Report: Generating DSP viewport_ymult0, operation Mode is: A2*B.
DSP Report: register viewport_ymult0 is absorbed into DSP viewport_ymult0.
DSP Report: operator viewport_ymult0 is absorbed into DSP viewport_ymult0.
DSP Report: operator viewport_ymult0 is absorbed into DSP viewport_ymult0.
DSP Report: Generating DSP viewport_ymult_reg, operation Mode is: (PCIN>>17)+A*B2.
DSP Report: register y_ndc_coords_reg is absorbed into DSP viewport_ymult_reg.
DSP Report: register viewport_ymult_reg is absorbed into DSP viewport_ymult_reg.
DSP Report: operator viewport_ymult0 is absorbed into DSP viewport_ymult_reg.
DSP Report: operator viewport_ymult0 is absorbed into DSP viewport_ymult_reg.
DSP Report: Generating DSP viewport_ymult0, operation Mode is: A*B2.
DSP Report: register viewport_ymult0 is absorbed into DSP viewport_ymult0.
DSP Report: operator viewport_ymult0 is absorbed into DSP viewport_ymult0.
DSP Report: operator viewport_ymult0 is absorbed into DSP viewport_ymult0.
DSP Report: Generating DSP viewport_ymult_reg, operation Mode is: (PCIN>>17)+A*B2.
DSP Report: register y_ndc_coords_reg is absorbed into DSP viewport_ymult_reg.
DSP Report: register viewport_ymult_reg is absorbed into DSP viewport_ymult_reg.
DSP Report: operator viewport_ymult0 is absorbed into DSP viewport_ymult_reg.
DSP Report: operator viewport_ymult0 is absorbed into DSP viewport_ymult_reg.
---------------------------------------------------------------------------------
Finished Cross Boundary and Area Optimization : Time (s): cpu = 00:00:13 ; elapsed = 00:00:16 . Memory (MB): peak = 1073.660 ; gain = 0.000
---------------------------------------------------------------------------------
---------------------------------------------------------------------------------
Start ROM, RAM, DSP and Shift Register Reporting
---------------------------------------------------------------------------------

DSP: Preliminary Mapping	Report (see note below)
+-------------+-----------------+--------+--------+--------+--------+--------+------+------+------+------+-------+------+------+
|Module Name  | DSP Mapping     | A Size | B Size | C Size | D Size | P Size | AREG | BREG | CREG | DREG | ADREG | MREG | PREG | 
+-------------+-----------------+--------+--------+--------+--------+--------+------+------+------+------+-------+------+------+
|sgp_viewPort | A2*B            | 18     | 15     | -      | -      | 48     | 1    | 0    | -    | -    | -     | 0    | 0    | 
|sgp_viewPort | (PCIN>>17)+A*B2 | 15     | 15     | -      | -      | 48     | 0    | 1    | -    | -    | -     | 0    | 1    | 
|sgp_viewPort | A*B2            | 18     | 18     | -      | -      | 48     | 0    | 1    | -    | -    | -     | 0    | 0    | 
|sgp_viewPort | (PCIN>>17)+A*B2 | 18     | 15     | -      | -      | 48     | 0    | 1    | -    | -    | -     | 0    | 1    | 
|sgp_viewPort | A2*B            | 18     | 15     | -      | -      | 48     | 1    | 0    | -    | -    | -     | 0    | 0    | 
|sgp_viewPort | (PCIN>>17)+A*B2 | 15     | 15     | -      | -      | 48     | 0    | 1    | -    | -    | -     | 0    | 1    | 
|sgp_viewPort | A*B2            | 18     | 18     | -      | -      | 48     | 0    | 1    | -    | -    | -     | 0    | 0    | 
|sgp_viewPort | (PCIN>>17)+A*B2 | 18     | 15     | -      | -      | 48     | 0    | 1    | -    | -    | -     | 0    | 1    | 
+-------------+-----------------+--------+--------+--------+--------+--------+------+------+------+------+-------+------+------+

Note: The table above is a preliminary report that shows the DSPs inferred at the current stage of the synthesis flow. Some DSP may be reimplemented as non DSP primitives later in the synthesis flow. Multiple instantiated DSPs are reported only once.
---------------------------------------------------------------------------------
Finished ROM, RAM, DSP and Shift Register Reporting
---------------------------------------------------------------------------------
No constraint files found.
---------------------------------------------------------------------------------
Start Timing Optimization
---------------------------------------------------------------------------------
---------------------------------------------------------------------------------
Finished Timing Optimization : Time (s): cpu = 00:00:13 ; elapsed = 00:00:16 . Memory (MB): peak = 1073.660 ; gain = 0.000
---------------------------------------------------------------------------------
---------------------------------------------------------------------------------
Start Technology Mapping
---------------------------------------------------------------------------------
---------------------------------------------------------------------------------
Finished Technology Mapping : Time (s): cpu = 00:00:13 ; elapsed = 00:00:16 . Memory (MB): peak = 1073.660 ; gain = 0.000
---------------------------------------------------------------------------------
---------------------------------------------------------------------------------
Start IO Insertion
---------------------------------------------------------------------------------
---------------------------------------------------------------------------------
Start Flattening Before IO Insertion
---------------------------------------------------------------------------------
---------------------------------------------------------------------------------
Finished Flattening Before IO Insertion
---------------------------------------------------------------------------------
---------------------------------------------------------------------------------
Start Final Netlist Cleanup
---------------------------------------------------------------------------------
---------------------------------------------------------------------------------
Finished Final Netlist Cleanup
---------------------------------------------------------------------------------
---------------------------------------------------------------------------------
Finished IO Insertion : Time (s): cpu = 00:00:17 ; elapsed = 00:00:20 . Memory (MB): peak = 1073.660 ; gain = 0.000
---------------------------------------------------------------------------------
---------------------------------------------------------------------------------
Start Renaming Generated Instances
---------------------------------------------------------------------------------
---------------------------------------------------------------------------------
Finished Renaming Generated Instances : Time (s): cpu = 00:00:17 ; elapsed = 00:00:20 . Memory (MB): peak = 1073.660 ; gain = 0.000
---------------------------------------------------------------------------------
---------------------------------------------------------------------------------
Start Rebuilding User Hierarchy
---------------------------------------------------------------------------------
---------------------------------------------------------------------------------
Finished Rebuilding User Hierarchy : Time (s): cpu = 00:00:17 ; elapsed = 00:00:20 . Memory (MB): peak = 1073.660 ; gain = 0.000
---------------------------------------------------------------------------------
---------------------------------------------------------------------------------
Start Renaming Generated Ports
---------------------------------------------------------------------------------
---------------------------------------------------------------------------------
Finished Renaming Generated Ports : Time (s): cpu = 00:00:17 ; elapsed = 00:00:20 . Memory (MB): peak = 1073.660 ; gain = 0.000
---------------------------------------------------------------------------------
---------------------------------------------------------------------------------
Start Handling Custom Attributes
---------------------------------------------------------------------------------
---------------------------------------------------------------------------------
Finished Handling Custom Attributes : Time (s): cpu = 00:00:17 ; elapsed = 00:00:20 . Memory (MB): peak = 1073.660 ; gain = 0.000
---------------------------------------------------------------------------------
---------------------------------------------------------------------------------
Start Renaming Generated Nets
---------------------------------------------------------------------------------
---------------------------------------------------------------------------------
Finished Renaming Generated Nets : Time (s): cpu = 00:00:17 ; elapsed = 00:00:20 . Memory (MB): peak = 1073.660 ; gain = 0.000
---------------------------------------------------------------------------------
---------------------------------------------------------------------------------
Start Writing Synthesis Report
---------------------------------------------------------------------------------

Report BlackBoxes: 
+-+--------------+----------+
| |BlackBox name |Instances |
+-+--------------+----------+
+-+--------------+----------+

Report Cell Usage: 
+------+--------+------+
|      |Cell    |Count |
+------+--------+------+
|1     |BUFG    |     1|
|2     |CARRY4  |    26|
|3     |DSP48E1 |     8|
|4     |LUT1    |     3|
|5     |LUT2    |    73|
|6     |LUT3    |     4|
|7     |LUT4    |    11|
|8     |LUT5    |    33|
|9     |LUT6    |   190|
|10    |MUXF7   |    32|
|11    |FDRE    |  1076|
|12    |FDSE    |     9|
|13    |IBUF    |   573|
|14    |OBUF    |   556|
+------+--------+------+

Report Instance Areas: 
+------+----------------------------------+---------------------------+------+
|      |Instance                          |Module                     |Cells |
+------+----------------------------------+---------------------------+------+
|1     |top                               |                           |  2595|
|2     |  sgp_viewPort_axi_lite_regs_inst |sgp_viewPort_axi_lite_regs |   807|
+------+----------------------------------+---------------------------+------+
---------------------------------------------------------------------------------
Finished Writing Synthesis Report : Time (s): cpu = 00:00:17 ; elapsed = 00:00:20 . Memory (MB): peak = 1073.660 ; gain = 0.000
---------------------------------------------------------------------------------
Synthesis finished with 0 errors, 0 critical warnings and 0 warnings.
Synthesis Optimization Runtime : Time (s): cpu = 00:00:17 ; elapsed = 00:00:20 . Memory (MB): peak = 1073.660 ; gain = 0.000
Synthesis Optimization Complete : Time (s): cpu = 00:00:17 ; elapsed = 00:00:20 . Memory (MB): peak = 1073.660 ; gain = 0.000
INFO: [Project 1-571] Translating synthesized netlist
Netlist sorting complete. Time (s): cpu = 00:00:00 ; elapsed = 00:00:00.031 . Memory (MB): peak = 1084.863 ; gain = 0.000
INFO: [Netlist 29-17] Analyzing 66 Unisim elements for replacement
INFO: [Netlist 29-28] Unisim Transformation completed in 0 CPU seconds
INFO: [Project 1-570] Preparing netlist for logic optimization
INFO: [Opt 31-138] Pushed 0 inverter(s) to 0 load pin(s).
Netlist sorting complete. Time (s): cpu = 00:00:00 ; elapsed = 00:00:00 . Memory (MB): peak = 1173.348 ; gain = 0.000
INFO: [Project 1-111] Unisim Transformation Summary:
No Unisim elements were transformed.

INFO: [Common 17-83] Releasing license: Synthesis
22 Infos, 1 Warnings, 0 Critical Warnings and 0 Errors encountered.
synth_design completed successfully
synth_design: Time (s): cpu = 00:00:23 ; elapsed = 00:00:27 . Memory (MB): peak = 1173.348 ; gain = 99.688
INFO: [Common 17-1381] The checkpoint 'U:/cpre480/MP-1/hw/ip/sgp_viewPort/proj/sgp_viewPort.runs/synth_1/sgp_viewPort.dcp' has been generated.
INFO: [runtcl-4] Executing : report_utilization -file sgp_viewPort_utilization_synth.rpt -pb sgp_viewPort_utilization_synth.pb
INFO: [Common 17-206] Exiting Vivado at Sat Feb 20 13:56:39 2021...
